<?xml version="1.0" encoding="utf-8"?>
<CoverageSession xmlns:xsd="http://www.w3.org/2001/XMLSchema" xmlns:xsi="http://www.w3.org/2001/XMLSchema-instance" Version="4.7.922.0">
  <Summary numSequencePoints="131" visitedSequencePoints="52" numBranchPoints="33" visitedBranchPoints="11" sequenceCoverage="39.69" branchCoverage="33.33" maxCyclomaticComplexity="5" minCyclomaticComplexity="1" maxCrapScore="30" minCrapScore="1" visitedClasses="2" numClasses="2" visitedMethods="10" numMethods="19" />
  <Modules>
    <Module hash="22-AF-B8-77-13-FB-25-63-13-35-67-E7-DB-52-7C-95-6D-B9-1D-24">
      <Summary numSequencePoints="131" visitedSequencePoints="52" numBranchPoints="33" visitedBranchPoints="11" sequenceCoverage="39.69" branchCoverage="33.33" maxCyclomaticComplexity="5" minCyclomaticComplexity="1" maxCrapScore="30" minCrapScore="1" visitedClasses="2" numClasses="2" visitedMethods="10" numMethods="19" />
      <ModulePath>C:\Users\user\Documents\大學三年級\111-1-Windows-Programming\Labs\Tutorial_UITesting - VS2019 community\UnitTestingRobot\UnitTestingRobot\bin\Debug\fine-code-coverage\build-output\UnitTestingRobot.dll</ModulePath>
      <ModuleTime>2022-11-17T07:13:03.8020264Z</ModuleTime>
      <ModuleName>UnitTestingRobot</ModuleName>
      <Files>
        <File uid="1" fullPath="C:\Users\user\Documents\大學三年級\111-1-Windows-Programming\Labs\Tutorial_UITesting - VS2019 community\UnitTestingRobot\UnitTestingRobot\MainFormUITest.cs" />
        <File uid="2" fullPath="C:\Users\user\Documents\大學三年級\111-1-Windows-Programming\Labs\Tutorial_UITesting - VS2019 community\UnitTestingRobot\UnitTestingRobot\Robot.cs" />
      </Files>
      <Classes>
        <Class>
          <Summary numSequencePoints="21" visitedSequencePoints="21" numBranchPoints="4" visitedBranchPoints="4" sequenceCoverage="100" branchCoverage="100" maxCyclomaticComplexity="1" minCyclomaticComplexity="1" maxCrapScore="2" minCrapScore="1" visitedClasses="1" numClasses="1" visitedMethods="4" numMethods="4" />
          <FullName>MainFormUITest.MainFormUITest</FullName>
          <Methods>
            <Method visited="true" cyclomaticComplexity="1" nPathComplexity="0" sequenceCoverage="100" branchCoverage="100" crapScore="1" isConstructor="false" isStatic="false" isGetter="false" isSetter="false">
              <Summary numSequencePoints="3" visitedSequencePoints="3" numBranchPoints="1" visitedBranchPoints="1" sequenceCoverage="100" branchCoverage="100" maxCyclomaticComplexity="1" minCyclomaticComplexity="1" maxCrapScore="1" minCrapScore="1" visitedClasses="0" numClasses="0" visitedMethods="1" numMethods="1" />
              <MetadataToken>100663297</MetadataToken>
              <Name>System.Void MainFormUITest.MainFormUITest::Initialize()</Name>
              <FileRef uid="1" />
              <SequencePoints>
                <SequencePoint vc="1" uspid="1" ordinal="0" offset="0" sl="27" sc="9" el="27" ec="10" bec="0" bev="0" fileid="1" />
                <SequencePoint vc="1" uspid="2" ordinal="1" offset="1" sl="28" sc="13" el="28" ec="60" bec="0" bev="0" fileid="1" />
                <SequencePoint vc="1" uspid="3" ordinal="2" offset="22" sl="29" sc="9" el="29" ec="10" bec="0" bev="0" fileid="1" />
              </SequencePoints>
              <BranchPoints />
              <MethodPoint xsi:type="SequencePoint" vc="1" uspid="1" ordinal="0" offset="0" sl="27" sc="9" el="27" ec="10" bec="0" bev="0" fileid="1" />
            </Method>
            <Method visited="true" cyclomaticComplexity="1" nPathComplexity="0" sequenceCoverage="100" branchCoverage="100" crapScore="1" isConstructor="false" isStatic="false" isGetter="false" isSetter="false">
              <Summary numSequencePoints="3" visitedSequencePoints="3" numBranchPoints="1" visitedBranchPoints="1" sequenceCoverage="100" branchCoverage="100" maxCyclomaticComplexity="1" minCyclomaticComplexity="1" maxCrapScore="1" minCrapScore="1" visitedClasses="0" numClasses="0" visitedMethods="1" numMethods="1" />
              <MetadataToken>100663298</MetadataToken>
              <Name>System.Void MainFormUITest.MainFormUITest::Cleanup()</Name>
              <FileRef uid="1" />
              <SequencePoints>
                <SequencePoint vc="1" uspid="4" ordinal="0" offset="0" sl="36" sc="9" el="36" ec="10" bec="0" bev="0" fileid="1" />
                <SequencePoint vc="1" uspid="5" ordinal="1" offset="1" sl="37" sc="13" el="37" ec="30" bec="0" bev="0" fileid="1" />
                <SequencePoint vc="1" uspid="6" ordinal="2" offset="13" sl="38" sc="9" el="38" ec="10" bec="0" bev="0" fileid="1" />
              </SequencePoints>
              <BranchPoints />
              <MethodPoint xsi:type="SequencePoint" vc="1" uspid="4" ordinal="0" offset="0" sl="36" sc="9" el="36" ec="10" bec="0" bev="0" fileid="1" />
            </Method>
            <Method visited="true" cyclomaticComplexity="1" nPathComplexity="0" sequenceCoverage="100" branchCoverage="100" crapScore="1" isConstructor="false" isStatic="false" isGetter="false" isSetter="false">
              <Summary numSequencePoints="4" visitedSequencePoints="4" numBranchPoints="1" visitedBranchPoints="1" sequenceCoverage="100" branchCoverage="100" maxCyclomaticComplexity="1" minCyclomaticComplexity="1" maxCrapScore="1" minCrapScore="1" visitedClasses="0" numClasses="0" visitedMethods="1" numMethods="1" />
              <MetadataToken>100663299</MetadataToken>
              <Name>System.Void MainFormUITest.MainFormUITest::TestAdd()</Name>
              <FileRef uid="1" />
              <SequencePoints>
                <SequencePoint vc="1" uspid="7" ordinal="0" offset="0" sl="45" sc="9" el="45" ec="10" bec="0" bev="0" fileid="1" />
                <SequencePoint vc="1" uspid="8" ordinal="1" offset="1" sl="46" sc="13" el="46" ec="28" bec="0" bev="0" fileid="1" />
                <SequencePoint vc="1" uspid="9" ordinal="2" offset="8" sl="47" sc="13" el="47" ec="68" bec="0" bev="0" fileid="1" />
                <SequencePoint vc="1" uspid="10" ordinal="3" offset="30" sl="48" sc="9" el="48" ec="10" bec="0" bev="0" fileid="1" />
              </SequencePoints>
              <BranchPoints />
              <MethodPoint xsi:type="SequencePoint" vc="1" uspid="7" ordinal="0" offset="0" sl="45" sc="9" el="45" ec="10" bec="0" bev="0" fileid="1" />
            </Method>
            <Method visited="true" cyclomaticComplexity="1" nPathComplexity="0" sequenceCoverage="100" branchCoverage="100" crapScore="1" isConstructor="false" isStatic="false" isGetter="false" isSetter="false">
              <Summary numSequencePoints="11" visitedSequencePoints="11" numBranchPoints="1" visitedBranchPoints="1" sequenceCoverage="100" branchCoverage="100" maxCyclomaticComplexity="1" minCyclomaticComplexity="1" maxCrapScore="1" minCrapScore="1" visitedClasses="0" numClasses="0" visitedMethods="1" numMethods="1" />
              <MetadataToken>100663300</MetadataToken>
              <Name>System.Void MainFormUITest.MainFormUITest::RunScriptAdd()</Name>
              <FileRef uid="1" />
              <SequencePoints>
                <SequencePoint vc="1" uspid="11" ordinal="0" offset="0" sl="54" sc="9" el="54" ec="10" bec="0" bev="0" fileid="1" />
                <SequencePoint vc="1" uspid="12" ordinal="1" offset="1" sl="55" sc="13" el="55" ec="38" bec="0" bev="0" fileid="1" />
                <SequencePoint vc="1" uspid="13" ordinal="2" offset="18" sl="56" sc="13" el="56" ec="37" bec="0" bev="0" fileid="1" />
                <SequencePoint vc="1" uspid="14" ordinal="3" offset="35" sl="57" sc="13" el="57" ec="37" bec="0" bev="0" fileid="1" />
                <SequencePoint vc="1" uspid="15" ordinal="4" offset="52" sl="58" sc="13" el="58" ec="37" bec="0" bev="0" fileid="1" />
                <SequencePoint vc="1" uspid="16" ordinal="5" offset="69" sl="59" sc="13" el="59" ec="37" bec="0" bev="0" fileid="1" />
                <SequencePoint vc="1" uspid="17" ordinal="6" offset="86" sl="60" sc="13" el="60" ec="37" bec="0" bev="0" fileid="1" />
                <SequencePoint vc="1" uspid="18" ordinal="7" offset="103" sl="61" sc="13" el="61" ec="37" bec="0" bev="0" fileid="1" />
                <SequencePoint vc="1" uspid="19" ordinal="8" offset="120" sl="62" sc="13" el="62" ec="37" bec="0" bev="0" fileid="1" />
                <SequencePoint vc="1" uspid="20" ordinal="9" offset="137" sl="63" sc="13" el="63" ec="38" bec="0" bev="0" fileid="1" />
                <SequencePoint vc="1" uspid="21" ordinal="10" offset="154" sl="64" sc="9" el="64" ec="10" bec="0" bev="0" fileid="1" />
              </SequencePoints>
              <BranchPoints />
              <MethodPoint xsi:type="SequencePoint" vc="1" uspid="11" ordinal="0" offset="0" sl="54" sc="9" el="54" ec="10" bec="0" bev="0" fileid="1" />
            </Method>
            <Method visited="false" cyclomaticComplexity="1" nPathComplexity="0" sequenceCoverage="0" branchCoverage="0" crapScore="2" isConstructor="true" isStatic="false" isGetter="false" isSetter="false">
              <Summary numSequencePoints="0" visitedSequencePoints="0" numBranchPoints="0" visitedBranchPoints="0" sequenceCoverage="0" branchCoverage="0" maxCyclomaticComplexity="1" minCyclomaticComplexity="1" maxCrapScore="2" minCrapScore="2" visitedClasses="0" numClasses="0" visitedMethods="0" numMethods="0" />
              <MetadataToken>100663301</MetadataToken>
              <Name>System.Void MainFormUITest.MainFormUITest::.ctor()</Name>
              <SequencePoints />
              <BranchPoints />
              <MethodPoint vc="0" uspid="22" ordinal="0" offset="0" />
            </Method>
          </Methods>
        </Class>
        <Class>
          <Summary numSequencePoints="110" visitedSequencePoints="31" numBranchPoints="29" visitedBranchPoints="7" sequenceCoverage="28.18" branchCoverage="24.14" maxCyclomaticComplexity="5" minCyclomaticComplexity="1" maxCrapScore="30" minCrapScore="1" visitedClasses="1" numClasses="1" visitedMethods="6" numMethods="15" />
          <FullName>MainFormUITest.Robot</FullName>
          <Methods>
            <Method visited="true" cyclomaticComplexity="1" nPathComplexity="0" sequenceCoverage="100" branchCoverage="100" crapScore="1" isConstructor="true" isStatic="false" isGetter="false" isSetter="false">
              <Summary numSequencePoints="4" visitedSequencePoints="4" numBranchPoints="1" visitedBranchPoints="1" sequenceCoverage="100" branchCoverage="100" maxCyclomaticComplexity="1" minCyclomaticComplexity="1" maxCrapScore="1" minCrapScore="1" visitedClasses="0" numClasses="0" visitedMethods="1" numMethods="1" />
              <MetadataToken>100663302</MetadataToken>
              <Name>System.Void MainFormUITest.Robot::.ctor(System.String,System.String)</Name>
              <FileRef uid="2" />
              <SequencePoints>
                <SequencePoint vc="1" uspid="23" ordinal="0" offset="0" sl="25" sc="9" el="25" ec="56" bec="0" bev="0" fileid="2" />
                <SequencePoint vc="1" uspid="24" ordinal="1" offset="7" sl="26" sc="9" el="26" ec="10" bec="0" bev="0" fileid="2" />
                <SequencePoint vc="1" uspid="25" ordinal="2" offset="8" sl="27" sc="13" el="27" ec="50" bec="0" bev="0" fileid="2" />
                <SequencePoint vc="1" uspid="26" ordinal="3" offset="17" sl="28" sc="9" el="28" ec="10" bec="0" bev="0" fileid="2" />
              </SequencePoints>
              <BranchPoints />
              <MethodPoint xsi:type="SequencePoint" vc="1" uspid="23" ordinal="0" offset="0" sl="25" sc="9" el="25" ec="56" bec="0" bev="0" fileid="2" />
            </Method>
            <Method visited="true" cyclomaticComplexity="1" nPathComplexity="0" sequenceCoverage="100" branchCoverage="100" crapScore="1" isConstructor="false" isStatic="false" isGetter="false" isSetter="false">
              <Summary numSequencePoints="9" visitedSequencePoints="9" numBranchPoints="1" visitedBranchPoints="1" sequenceCoverage="100" branchCoverage="100" maxCyclomaticComplexity="1" minCyclomaticComplexity="1" maxCrapScore="1" minCrapScore="1" visitedClasses="0" numClasses="0" visitedMethods="1" numMethods="1" />
              <MetadataToken>100663303</MetadataToken>
              <Name>System.Void MainFormUITest.Robot::Initialize(System.String,System.String)</Name>
              <FileRef uid="2" />
              <SequencePoints>
                <SequencePoint vc="1" uspid="27" ordinal="0" offset="0" sl="32" sc="9" el="32" ec="10" bec="0" bev="0" fileid="2" />
                <SequencePoint vc="1" uspid="28" ordinal="1" offset="1" sl="33" sc="13" el="33" ec="26" bec="0" bev="0" fileid="2" />
                <SequencePoint vc="1" uspid="29" ordinal="2" offset="8" sl="34" sc="13" el="34" ec="47" bec="0" bev="0" fileid="2" />
                <SequencePoint vc="1" uspid="30" ordinal="3" offset="14" sl="35" sc="13" el="35" ec="67" bec="0" bev="0" fileid="2" />
                <SequencePoint vc="1" uspid="31" ordinal="4" offset="27" sl="36" sc="13" el="36" ec="72" bec="0" bev="0" fileid="2" />
                <SequencePoint vc="1" uspid="32" ordinal="5" offset="44" sl="38" sc="13" el="38" ec="95" bec="0" bev="0" fileid="2" />
                <SequencePoint vc="1" uspid="33" ordinal="6" offset="66" sl="39" sc="13" el="39" ec="80" bec="0" bev="0" fileid="2" />
                <SequencePoint vc="1" uspid="34" ordinal="7" offset="102" sl="40" sc="13" el="43" ec="15" bec="0" bev="0" fileid="2" />
                <SequencePoint vc="1" uspid="35" ordinal="8" offset="137" sl="44" sc="9" el="44" ec="10" bec="0" bev="0" fileid="2" />
              </SequencePoints>
              <BranchPoints />
              <MethodPoint xsi:type="SequencePoint" vc="1" uspid="27" ordinal="0" offset="0" sl="32" sc="9" el="32" ec="10" bec="0" bev="0" fileid="2" />
            </Method>
            <Method visited="true" cyclomaticComplexity="1" nPathComplexity="0" sequenceCoverage="100" branchCoverage="100" crapScore="1" isConstructor="false" isStatic="false" isGetter="false" isSetter="false">
              <Summary numSequencePoints="5" visitedSequencePoints="5" numBranchPoints="1" visitedBranchPoints="1" sequenceCoverage="100" branchCoverage="100" maxCyclomaticComplexity="1" minCyclomaticComplexity="1" maxCrapScore="1" minCrapScore="1" visitedClasses="0" numClasses="0" visitedMethods="1" numMethods="1" />
              <MetadataToken>100663304</MetadataToken>
              <Name>System.Void MainFormUITest.Robot::CleanUp()</Name>
              <FileRef uid="2" />
              <SequencePoints>
                <SequencePoint vc="1" uspid="36" ordinal="0" offset="0" sl="48" sc="9" el="48" ec="10" bec="0" bev="0" fileid="2" />
                <SequencePoint vc="1" uspid="37" ordinal="1" offset="1" sl="49" sc="13" el="49" ec="29" bec="0" bev="0" fileid="2" />
                <SequencePoint vc="1" uspid="38" ordinal="2" offset="14" sl="50" sc="13" el="50" ec="32" bec="0" bev="0" fileid="2" />
                <SequencePoint vc="1" uspid="39" ordinal="3" offset="26" sl="51" sc="13" el="51" ec="31" bec="0" bev="0" fileid="2" />
                <SequencePoint vc="1" uspid="40" ordinal="4" offset="38" sl="52" sc="9" el="52" ec="10" bec="0" bev="0" fileid="2" />
              </SequencePoints>
              <BranchPoints />
              <MethodPoint xsi:type="SequencePoint" vc="1" uspid="36" ordinal="0" offset="0" sl="48" sc="9" el="48" ec="10" bec="0" bev="0" fileid="2" />
            </Method>
            <Method visited="true" cyclomaticComplexity="4" nPathComplexity="2" sequenceCoverage="27.27" branchCoverage="66.67" crapScore="10.16" isConstructor="false" isStatic="false" isGetter="false" isSetter="false">
              <Summary numSequencePoints="22" visitedSequencePoints="6" numBranchPoints="3" visitedBranchPoints="2" sequenceCoverage="27.27" branchCoverage="66.67" maxCyclomaticComplexity="4" minCyclomaticComplexity="4" maxCrapScore="10.16" minCrapScore="10.16" visitedClasses="0" numClasses="0" visitedMethods="1" numMethods="1" />
              <MetadataToken>100663305</MetadataToken>
              <Name>System.Void MainFormUITest.Robot::SwitchTo(System.String)</Name>
              <FileRef uid="2" />
              <SequencePoints>
                <SequencePoint vc="1" uspid="41" ordinal="0" offset="0" sl="56" sc="9" el="56" ec="10" bec="0" bev="0" fileid="2" />
                <SequencePoint vc="1" uspid="42" ordinal="1" offset="1" sl="57" sc="13" el="57" ec="54" bec="2" bev="1" fileid="2" />
                <SequencePoint vc="1" uspid="43" ordinal="2" offset="17" sl="58" sc="13" el="58" ec="14" bec="0" bev="0" fileid="2" />
                <SequencePoint vc="1" uspid="44" ordinal="3" offset="18" sl="59" sc="17" el="59" ec="69" bec="0" bev="0" fileid="2" />
                <SequencePoint vc="1" uspid="45" ordinal="4" offset="47" sl="60" sc="13" el="60" ec="14" bec="0" bev="0" fileid="2" />
                <SequencePoint vc="0" uspid="46" ordinal="5" offset="50" sl="62" sc="13" el="62" ec="14" bec="0" bev="0" fileid="2" />
                <SequencePoint vc="0" uspid="47" ordinal="6" offset="51" sl="63" sc="17" el="63" ec="24" bec="0" bev="0" fileid="2" />
                <SequencePoint vc="0" uspid="48" ordinal="7" offset="52" sl="63" sc="46" el="63" ec="67" bec="0" bev="0" fileid="2" />
                <SequencePoint vc="0" uspid="49" ordinal="8" offset="71" sl="63" sc="26" el="63" ec="42" bec="0" bev="0" fileid="2" />
                <SequencePoint vc="0" uspid="50" ordinal="9" offset="78" sl="64" sc="17" el="64" ec="18" bec="0" bev="0" fileid="2" />
                <SequencePoint vc="0" uspid="51" ordinal="10" offset="79" sl="65" sc="21" el="65" ec="61" bec="0" bev="0" fileid="2" />
                <SequencePoint vc="0" uspid="52" ordinal="11" offset="97" sl="67" sc="21" el="67" ec="22" bec="0" bev="0" fileid="2" />
                <SequencePoint vc="0" uspid="53" ordinal="12" offset="98" sl="68" sc="25" el="68" ec="72" bec="0" bev="0" fileid="2" />
                <SequencePoint vc="0" uspid="54" ordinal="13" offset="111" sl="69" sc="25" el="69" ec="68" bec="0" bev="0" fileid="2" />
                <SequencePoint vc="0" uspid="55" ordinal="14" offset="125" sl="70" sc="25" el="70" ec="32" bec="0" bev="0" fileid="2" />
                <SequencePoint vc="0" uspid="56" ordinal="15" offset="127" sl="72" sc="21" el="72" ec="26" bec="0" bev="0" fileid="2" />
                <SequencePoint vc="0" uspid="57" ordinal="16" offset="128" sl="73" sc="21" el="73" ec="22" bec="0" bev="0" fileid="2" />
                <SequencePoint vc="0" uspid="58" ordinal="17" offset="129" sl="75" sc="21" el="75" ec="22" bec="0" bev="0" fileid="2" />
                <SequencePoint vc="0" uspid="59" ordinal="18" offset="132" sl="76" sc="17" el="76" ec="18" bec="0" bev="0" fileid="2" />
                <SequencePoint vc="0" uspid="60" ordinal="19" offset="133" sl="63" sc="43" el="63" ec="45" bec="0" bev="0" fileid="2" />
                <SequencePoint vc="0" uspid="61" ordinal="20" offset="154" sl="77" sc="13" el="77" ec="14" bec="0" bev="0" fileid="2" />
                <SequencePoint vc="1" uspid="62" ordinal="21" offset="155" sl="78" sc="9" el="78" ec="10" bec="0" bev="0" fileid="2" />
              </SequencePoints>
              <BranchPoints>
                <BranchPoint vc="1" uspid="63" ordinal="0" offset="15" sl="57" path="0" offsetend="17" fileid="2" />
                <BranchPoint vc="0" uspid="64" ordinal="1" offset="15" sl="57" path="1" offsetend="50" fileid="2" />
              </BranchPoints>
              <MethodPoint xsi:type="SequencePoint" vc="1" uspid="41" ordinal="0" offset="0" sl="56" sc="9" el="56" ec="10" bec="0" bev="0" fileid="2" />
            </Method>
            <Method visited="false" cyclomaticComplexity="1" nPathComplexity="0" sequenceCoverage="0" branchCoverage="0" crapScore="2" isConstructor="false" isStatic="false" isGetter="false" isSetter="false">
              <Summary numSequencePoints="3" visitedSequencePoints="0" numBranchPoints="1" visitedBranchPoints="0" sequenceCoverage="0" branchCoverage="0" maxCyclomaticComplexity="1" minCyclomaticComplexity="1" maxCrapScore="2" minCrapScore="2" visitedClasses="0" numClasses="0" visitedMethods="0" numMethods="1" />
              <MetadataToken>100663306</MetadataToken>
              <Name>System.Void MainFormUITest.Robot::Sleep(System.Double)</Name>
              <FileRef uid="2" />
              <SequencePoints>
                <SequencePoint vc="0" uspid="67" ordinal="0" offset="0" sl="82" sc="9" el="82" ec="10" bec="0" bev="0" fileid="2" />
                <SequencePoint vc="0" uspid="68" ordinal="1" offset="1" sl="83" sc="13" el="83" ec="54" bec="0" bev="0" fileid="2" />
                <SequencePoint vc="0" uspid="69" ordinal="2" offset="13" sl="84" sc="9" el="84" ec="10" bec="0" bev="0" fileid="2" />
              </SequencePoints>
              <BranchPoints />
              <MethodPoint xsi:type="SequencePoint" vc="0" uspid="67" ordinal="0" offset="0" sl="82" sc="9" el="82" ec="10" bec="0" bev="0" fileid="2" />
            </Method>
            <Method visited="true" cyclomaticComplexity="1" nPathComplexity="0" sequenceCoverage="100" branchCoverage="100" crapScore="1" isConstructor="false" isStatic="false" isGetter="false" isSetter="false">
              <Summary numSequencePoints="3" visitedSequencePoints="3" numBranchPoints="1" visitedBranchPoints="1" sequenceCoverage="100" branchCoverage="100" maxCyclomaticComplexity="1" minCyclomaticComplexity="1" maxCrapScore="1" minCrapScore="1" visitedClasses="0" numClasses="0" visitedMethods="1" numMethods="1" />
              <MetadataToken>100663307</MetadataToken>
              <Name>System.Void MainFormUITest.Robot::ClickButton(System.String)</Name>
              <FileRef uid="2" />
              <SequencePoints>
                <SequencePoint vc="9" uspid="70" ordinal="0" offset="0" sl="88" sc="9" el="88" ec="10" bec="0" bev="0" fileid="2" />
                <SequencePoint vc="9" uspid="71" ordinal="1" offset="1" sl="89" sc="13" el="89" ec="53" bec="0" bev="0" fileid="2" />
                <SequencePoint vc="9" uspid="72" ordinal="2" offset="19" sl="90" sc="9" el="90" ec="10" bec="0" bev="0" fileid="2" />
              </SequencePoints>
              <BranchPoints />
              <MethodPoint xsi:type="SequencePoint" vc="9" uspid="70" ordinal="0" offset="0" sl="88" sc="9" el="88" ec="10" bec="0" bev="0" fileid="2" />
            </Method>
            <Method visited="false" cyclomaticComplexity="4" nPathComplexity="2" sequenceCoverage="0" branchCoverage="0" crapScore="20" isConstructor="false" isStatic="false" isGetter="false" isSetter="false">
              <Summary numSequencePoints="11" visitedSequencePoints="0" numBranchPoints="3" visitedBranchPoints="0" sequenceCoverage="0" branchCoverage="0" maxCyclomaticComplexity="4" minCyclomaticComplexity="4" maxCrapScore="20" minCrapScore="20" visitedClasses="0" numClasses="0" visitedMethods="0" numMethods="1" />
              <MetadataToken>100663308</MetadataToken>
              <Name>System.Void MainFormUITest.Robot::ClickTabControl(System.String)</Name>
              <FileRef uid="2" />
              <SequencePoints>
                <SequencePoint vc="0" uspid="73" ordinal="0" offset="0" sl="94" sc="9" el="94" ec="10" bec="0" bev="0" fileid="2" />
                <SequencePoint vc="0" uspid="74" ordinal="1" offset="1" sl="95" sc="13" el="95" ec="61" bec="0" bev="0" fileid="2" />
                <SequencePoint vc="0" uspid="75" ordinal="2" offset="14" sl="96" sc="13" el="96" ec="20" bec="0" bev="0" fileid="2" />
                <SequencePoint vc="0" uspid="76" ordinal="3" offset="15" sl="96" sc="37" el="96" ec="45" bec="0" bev="0" fileid="2" />
                <SequencePoint vc="0" uspid="77" ordinal="4" offset="24" sl="96" sc="22" el="96" ec="33" bec="0" bev="0" fileid="2" />
                <SequencePoint vc="0" uspid="78" ordinal="5" offset="31" sl="97" sc="13" el="97" ec="14" bec="0" bev="0" fileid="2" />
                <SequencePoint vc="0" uspid="79" ordinal="6" offset="32" sl="98" sc="17" el="98" ec="62" bec="2" bev="0" fileid="2" />
                <SequencePoint vc="0" uspid="80" ordinal="7" offset="52" sl="99" sc="21" el="99" ec="37" bec="0" bev="0" fileid="2" />
                <SequencePoint vc="0" uspid="81" ordinal="8" offset="59" sl="100" sc="13" el="100" ec="14" bec="0" bev="0" fileid="2" />
                <SequencePoint vc="0" uspid="82" ordinal="9" offset="60" sl="96" sc="34" el="96" ec="36" bec="0" bev="0" fileid="2" />
                <SequencePoint vc="0" uspid="83" ordinal="10" offset="81" sl="101" sc="9" el="101" ec="10" bec="0" bev="0" fileid="2" />
              </SequencePoints>
              <BranchPoints>
                <BranchPoint vc="0" uspid="84" ordinal="0" offset="50" sl="98" path="0" offsetend="52" fileid="2" />
                <BranchPoint vc="0" uspid="85" ordinal="1" offset="50" sl="98" path="1" offsetend="59" fileid="2" />
              </BranchPoints>
              <MethodPoint xsi:type="SequencePoint" vc="0" uspid="73" ordinal="0" offset="0" sl="94" sc="9" el="94" ec="10" bec="0" bev="0" fileid="2" />
            </Method>
            <Method visited="false" cyclomaticComplexity="1" nPathComplexity="0" sequenceCoverage="0" branchCoverage="0" crapScore="2" isConstructor="false" isStatic="false" isGetter="false" isSetter="false">
              <Summary numSequencePoints="8" visitedSequencePoints="0" numBranchPoints="1" visitedBranchPoints="0" sequenceCoverage="0" branchCoverage="0" maxCyclomaticComplexity="1" minCyclomaticComplexity="1" maxCrapScore="2" minCrapScore="2" visitedClasses="0" numClasses="0" visitedMethods="0" numMethods="1" />
              <MetadataToken>100663309</MetadataToken>
              <Name>System.Void MainFormUITest.Robot::DragAndDrop(System.String,System.Int32,System.Int32,System.Int32,System.Int32)</Name>
              <FileRef uid="2" />
              <SequencePoints>
                <SequencePoint vc="0" uspid="88" ordinal="0" offset="0" sl="113" sc="9" el="113" ec="10" bec="0" bev="0" fileid="2" />
                <SequencePoint vc="0" uspid="89" ordinal="1" offset="1" sl="114" sc="13" el="114" ec="51" bec="0" bev="0" fileid="2" />
                <SequencePoint vc="0" uspid="90" ordinal="2" offset="13" sl="115" sc="13" el="115" ec="59" bec="0" bev="0" fileid="2" />
                <SequencePoint vc="0" uspid="91" ordinal="3" offset="26" sl="116" sc="13" el="116" ec="87" bec="0" bev="0" fileid="2" />
                <SequencePoint vc="0" uspid="92" ordinal="4" offset="67" sl="117" sc="13" el="117" ec="53" bec="0" bev="0" fileid="2" />
                <SequencePoint vc="0" uspid="93" ordinal="5" offset="80" sl="118" sc="13" el="118" ec="98" bec="0" bev="0" fileid="2" />
                <SequencePoint vc="0" uspid="94" ordinal="6" offset="117" sl="119" sc="13" el="119" ec="71" bec="0" bev="0" fileid="2" />
                <SequencePoint vc="0" uspid="95" ordinal="7" offset="142" sl="120" sc="9" el="120" ec="10" bec="0" bev="0" fileid="2" />
              </SequencePoints>
              <BranchPoints />
              <MethodPoint xsi:type="SequencePoint" vc="0" uspid="88" ordinal="0" offset="0" sl="113" sc="9" el="113" ec="10" bec="0" bev="0" fileid="2" />
            </Method>
            <Method visited="false" cyclomaticComplexity="1" nPathComplexity="0" sequenceCoverage="0" branchCoverage="0" crapScore="2" isConstructor="false" isStatic="false" isGetter="false" isSetter="false">
              <Summary numSequencePoints="3" visitedSequencePoints="0" numBranchPoints="1" visitedBranchPoints="0" sequenceCoverage="0" branchCoverage="0" maxCyclomaticComplexity="1" minCyclomaticComplexity="1" maxCrapScore="2" minCrapScore="2" visitedClasses="0" numClasses="0" visitedMethods="0" numMethods="1" />
              <MetadataToken>100663310</MetadataToken>
              <Name>System.Void MainFormUITest.Robot::CloseWindow()</Name>
              <FileRef uid="2" />
              <SequencePoints>
                <SequencePoint vc="0" uspid="96" ordinal="0" offset="0" sl="124" sc="9" el="124" ec="10" bec="0" bev="0" fileid="2" />
                <SequencePoint vc="0" uspid="97" ordinal="1" offset="1" sl="125" sc="13" el="125" ec="40" bec="0" bev="0" fileid="2" />
                <SequencePoint vc="0" uspid="98" ordinal="2" offset="12" sl="126" sc="9" el="126" ec="10" bec="0" bev="0" fileid="2" />
              </SequencePoints>
              <BranchPoints />
              <MethodPoint xsi:type="SequencePoint" vc="0" uspid="96" ordinal="0" offset="0" sl="124" sc="9" el="124" ec="10" bec="0" bev="0" fileid="2" />
            </Method>
            <Method visited="false" cyclomaticComplexity="1" nPathComplexity="0" sequenceCoverage="0" branchCoverage="0" crapScore="2" isConstructor="false" isStatic="false" isGetter="false" isSetter="false">
              <Summary numSequencePoints="3" visitedSequencePoints="0" numBranchPoints="1" visitedBranchPoints="0" sequenceCoverage="0" branchCoverage="0" maxCyclomaticComplexity="1" minCyclomaticComplexity="1" maxCrapScore="2" minCrapScore="2" visitedClasses="0" numClasses="0" visitedMethods="0" numMethods="1" />
              <MetadataToken>100663311</MetadataToken>
              <Name>System.Void MainFormUITest.Robot::CloseMessageBox()</Name>
              <FileRef uid="2" />
              <SequencePoints>
                <SequencePoint vc="0" uspid="99" ordinal="0" offset="0" sl="130" sc="9" el="130" ec="10" bec="0" bev="0" fileid="2" />
                <SequencePoint vc="0" uspid="100" ordinal="1" offset="1" sl="131" sc="13" el="131" ec="53" bec="0" bev="0" fileid="2" />
                <SequencePoint vc="0" uspid="101" ordinal="2" offset="23" sl="132" sc="9" el="132" ec="10" bec="0" bev="0" fileid="2" />
              </SequencePoints>
              <BranchPoints />
              <MethodPoint xsi:type="SequencePoint" vc="0" uspid="99" ordinal="0" offset="0" sl="130" sc="9" el="130" ec="10" bec="0" bev="0" fileid="2" />
            </Method>
            <Method visited="false" cyclomaticComplexity="1" nPathComplexity="0" sequenceCoverage="0" branchCoverage="0" crapScore="2" isConstructor="false" isStatic="false" isGetter="false" isSetter="false">
              <Summary numSequencePoints="4" visitedSequencePoints="0" numBranchPoints="1" visitedBranchPoints="0" sequenceCoverage="0" branchCoverage="0" maxCyclomaticComplexity="1" minCyclomaticComplexity="1" maxCrapScore="2" minCrapScore="2" visitedClasses="0" numClasses="0" visitedMethods="0" numMethods="1" />
              <MetadataToken>100663312</MetadataToken>
              <Name>System.Void MainFormUITest.Robot::ClickDataGridViewCellBy(System.String,System.Int32,System.String)</Name>
              <FileRef uid="2" />
              <SequencePoints>
                <SequencePoint vc="0" uspid="102" ordinal="0" offset="0" sl="136" sc="9" el="136" ec="10" bec="0" bev="0" fileid="2" />
                <SequencePoint vc="0" uspid="103" ordinal="1" offset="1" sl="137" sc="13" el="137" ec="75" bec="0" bev="0" fileid="2" />
                <SequencePoint vc="0" uspid="104" ordinal="2" offset="14" sl="138" sc="13" el="138" ec="79" bec="0" bev="0" fileid="2" />
                <SequencePoint vc="0" uspid="105" ordinal="3" offset="48" sl="139" sc="9" el="139" ec="10" bec="0" bev="0" fileid="2" />
              </SequencePoints>
              <BranchPoints />
              <MethodPoint xsi:type="SequencePoint" vc="0" uspid="102" ordinal="0" offset="0" sl="136" sc="9" el="136" ec="10" bec="0" bev="0" fileid="2" />
            </Method>
            <Method visited="false" cyclomaticComplexity="1" nPathComplexity="0" sequenceCoverage="0" branchCoverage="0" crapScore="2" isConstructor="false" isStatic="false" isGetter="false" isSetter="false">
              <Summary numSequencePoints="4" visitedSequencePoints="0" numBranchPoints="1" visitedBranchPoints="0" sequenceCoverage="0" branchCoverage="0" maxCyclomaticComplexity="1" minCyclomaticComplexity="1" maxCrapScore="2" minCrapScore="2" visitedClasses="0" numClasses="0" visitedMethods="0" numMethods="1" />
              <MetadataToken>100663313</MetadataToken>
              <Name>System.Void MainFormUITest.Robot::AssertEnable(System.String,System.Boolean)</Name>
              <FileRef uid="2" />
              <SequencePoints>
                <SequencePoint vc="0" uspid="106" ordinal="0" offset="0" sl="143" sc="9" el="143" ec="10" bec="0" bev="0" fileid="2" />
                <SequencePoint vc="0" uspid="107" ordinal="1" offset="1" sl="144" sc="13" el="144" ec="70" bec="0" bev="0" fileid="2" />
                <SequencePoint vc="0" uspid="108" ordinal="2" offset="14" sl="145" sc="13" el="145" ec="53" bec="0" bev="0" fileid="2" />
                <SequencePoint vc="0" uspid="109" ordinal="3" offset="27" sl="146" sc="9" el="146" ec="10" bec="0" bev="0" fileid="2" />
              </SequencePoints>
              <BranchPoints />
              <MethodPoint xsi:type="SequencePoint" vc="0" uspid="106" ordinal="0" offset="0" sl="143" sc="9" el="143" ec="10" bec="0" bev="0" fileid="2" />
            </Method>
            <Method visited="true" cyclomaticComplexity="1" nPathComplexity="0" sequenceCoverage="100" branchCoverage="100" crapScore="1" isConstructor="false" isStatic="false" isGetter="false" isSetter="false">
              <Summary numSequencePoints="4" visitedSequencePoints="4" numBranchPoints="1" visitedBranchPoints="1" sequenceCoverage="100" branchCoverage="100" maxCyclomaticComplexity="1" minCyclomaticComplexity="1" maxCrapScore="1" minCrapScore="1" visitedClasses="0" numClasses="0" visitedMethods="1" numMethods="1" />
              <MetadataToken>100663314</MetadataToken>
              <Name>System.Void MainFormUITest.Robot::AssertText(System.String,System.String)</Name>
              <FileRef uid="2" />
              <SequencePoints>
                <SequencePoint vc="1" uspid="110" ordinal="0" offset="0" sl="150" sc="9" el="150" ec="10" bec="0" bev="0" fileid="2" />
                <SequencePoint vc="1" uspid="111" ordinal="1" offset="1" sl="151" sc="13" el="151" ec="81" bec="0" bev="0" fileid="2" />
                <SequencePoint vc="1" uspid="112" ordinal="2" offset="14" sl="152" sc="13" el="152" ec="49" bec="0" bev="0" fileid="2" />
                <SequencePoint vc="1" uspid="113" ordinal="3" offset="27" sl="153" sc="9" el="153" ec="10" bec="0" bev="0" fileid="2" />
              </SequencePoints>
              <BranchPoints />
              <MethodPoint xsi:type="SequencePoint" vc="1" uspid="110" ordinal="0" offset="0" sl="150" sc="9" el="150" ec="10" bec="0" bev="0" fileid="2" />
            </Method>
            <Method visited="false" cyclomaticComplexity="2" nPathComplexity="2" sequenceCoverage="0" branchCoverage="0" crapScore="6" isConstructor="false" isStatic="false" isGetter="false" isSetter="false">
              <Summary numSequencePoints="10" visitedSequencePoints="0" numBranchPoints="3" visitedBranchPoints="0" sequenceCoverage="0" branchCoverage="0" maxCyclomaticComplexity="2" minCyclomaticComplexity="2" maxCrapScore="6" minCrapScore="6" visitedClasses="0" numClasses="0" visitedMethods="0" numMethods="1" />
              <MetadataToken>100663315</MetadataToken>
              <Name>System.Void MainFormUITest.Robot::AssertDataGridViewRowDataBy(System.String,System.Int32,System.String[])</Name>
              <FileRef uid="2" />
              <SequencePoints>
                <SequencePoint vc="0" uspid="114" ordinal="0" offset="0" sl="157" sc="9" el="157" ec="10" bec="0" bev="0" fileid="2" />
                <SequencePoint vc="0" uspid="115" ordinal="1" offset="1" sl="158" sc="13" el="158" ec="75" bec="0" bev="0" fileid="2" />
                <SequencePoint vc="0" uspid="116" ordinal="2" offset="14" sl="159" sc="13" el="159" ec="105" bec="0" bev="0" fileid="2" />
                <SequencePoint vc="0" uspid="117" ordinal="3" offset="47" sl="162" sc="18" el="162" ec="27" bec="0" bev="0" fileid="2" />
                <SequencePoint vc="0" uspid="118" ordinal="4" offset="51" sl="163" sc="13" el="163" ec="14" bec="0" bev="0" fileid="2" />
                <SequencePoint vc="0" uspid="119" ordinal="5" offset="52" sl="164" sc="17" el="164" ec="86" bec="0" bev="0" fileid="2" />
                <SequencePoint vc="0" uspid="120" ordinal="6" offset="90" sl="165" sc="13" el="165" ec="14" bec="0" bev="0" fileid="2" />
                <SequencePoint vc="0" uspid="121" ordinal="7" offset="91" sl="162" sc="49" el="162" ec="52" bec="0" bev="0" fileid="2" />
                <SequencePoint vc="0" uspid="122" ordinal="8" offset="95" sl="162" sc="29" el="162" ec="47" bec="2" bev="0" fileid="2" />
                <SequencePoint vc="0" uspid="123" ordinal="9" offset="108" sl="166" sc="9" el="166" ec="10" bec="0" bev="0" fileid="2" />
              </SequencePoints>
              <BranchPoints>
                <BranchPoint vc="0" uspid="124" ordinal="0" offset="106" sl="162" path="0" offsetend="108" fileid="2" />
                <BranchPoint vc="0" uspid="125" ordinal="1" offset="106" sl="162" path="1" offsetend="51" fileid="2" />
              </BranchPoints>
              <MethodPoint xsi:type="SequencePoint" vc="0" uspid="114" ordinal="0" offset="0" sl="157" sc="9" el="157" ec="10" bec="0" bev="0" fileid="2" />
            </Method>
            <Method visited="false" cyclomaticComplexity="5" nPathComplexity="16" sequenceCoverage="0" branchCoverage="0" crapScore="30" isConstructor="false" isStatic="false" isGetter="false" isSetter="false">
              <Summary numSequencePoints="17" visitedSequencePoints="0" numBranchPoints="9" visitedBranchPoints="0" sequenceCoverage="0" branchCoverage="0" maxCyclomaticComplexity="5" minCyclomaticComplexity="5" maxCrapScore="30" minCrapScore="30" visitedClasses="0" numClasses="0" visitedMethods="0" numMethods="1" />
              <MetadataToken>100663316</MetadataToken>
              <Name>System.Void MainFormUITest.Robot::AssertDataGridViewRowCountBy(System.String,System.Int32)</Name>
              <FileRef uid="2" />
              <SequencePoints>
                <SequencePoint vc="0" uspid="126" ordinal="0" offset="0" sl="170" sc="9" el="170" ec="10" bec="0" bev="0" fileid="2" />
                <SequencePoint vc="0" uspid="127" ordinal="1" offset="1" sl="171" sc="13" el="171" ec="75" bec="0" bev="0" fileid="2" />
                <SequencePoint vc="0" uspid="128" ordinal="2" offset="14" sl="172" sc="13" el="172" ec="87" bec="0" bev="0" fileid="2" />
                <SequencePoint vc="0" uspid="129" ordinal="3" offset="51" sl="173" sc="13" el="173" ec="76" bec="0" bev="0" fileid="2" />
                <SequencePoint vc="0" uspid="130" ordinal="4" offset="60" sl="176" sc="13" el="176" ec="14" bec="0" bev="0" fileid="2" />
                <SequencePoint vc="0" uspid="131" ordinal="5" offset="61" sl="177" sc="17" el="177" ec="71" bec="0" bev="0" fileid="2" />
                <SequencePoint vc="0" uspid="132" ordinal="6" offset="73" sl="178" sc="13" el="178" ec="14" bec="0" bev="0" fileid="2" />
                <SequencePoint vc="0" uspid="133" ordinal="7" offset="74" sl="175" sc="13" el="175" ec="106" bec="4" bev="0" fileid="2" />
                <SequencePoint vc="0" uspid="134" ordinal="8" offset="120" sl="180" sc="13" el="180" ec="33" bec="2" bev="0" fileid="2" />
                <SequencePoint vc="0" uspid="135" ordinal="9" offset="133" sl="181" sc="13" el="181" ec="14" bec="0" bev="0" fileid="2" />
                <SequencePoint vc="0" uspid="136" ordinal="10" offset="134" sl="182" sc="17" el="182" ec="105" bec="0" bev="0" fileid="2" />
                <SequencePoint vc="0" uspid="137" ordinal="11" offset="152" sl="184" sc="17" el="184" ec="41" bec="2" bev="0" fileid="2" />
                <SequencePoint vc="0" uspid="138" ordinal="12" offset="163" sl="185" sc="17" el="185" ec="18" bec="0" bev="0" fileid="2" />
                <SequencePoint vc="0" uspid="139" ordinal="13" offset="164" sl="186" sc="21" el="186" ec="77" bec="0" bev="0" fileid="2" />
                <SequencePoint vc="0" uspid="140" ordinal="14" offset="187" sl="187" sc="17" el="187" ec="18" bec="0" bev="0" fileid="2" />
                <SequencePoint vc="0" uspid="141" ordinal="15" offset="188" sl="188" sc="13" el="188" ec="14" bec="0" bev="0" fileid="2" />
                <SequencePoint vc="0" uspid="142" ordinal="16" offset="189" sl="189" sc="9" el="189" ec="10" bec="0" bev="0" fileid="2" />
              </SequencePoints>
              <BranchPoints>
                <BranchPoint vc="0" uspid="143" ordinal="0" offset="81" sl="175" path="0" offsetend="83" fileid="2" />
                <BranchPoint vc="0" uspid="144" ordinal="1" offset="81" sl="175" path="1" offsetend="113" fileid="2" />
                <BranchPoint vc="0" uspid="145" ordinal="2" offset="118" sl="175" path="0" offsetend="120" fileid="2" />
                <BranchPoint vc="0" uspid="146" ordinal="3" offset="118" sl="175" path="1" offsetend="60" fileid="2" />
                <BranchPoint vc="0" uspid="147" ordinal="4" offset="131" sl="180" path="0" offsetend="133" fileid="2" />
                <BranchPoint vc="0" uspid="148" ordinal="5" offset="131" sl="180" path="1" offsetend="189" fileid="2" />
                <BranchPoint vc="0" uspid="149" ordinal="6" offset="161" sl="184" path="0" offsetend="163" fileid="2" />
                <BranchPoint vc="0" uspid="150" ordinal="7" offset="161" sl="184" path="1" offsetend="188" fileid="2" />
              </BranchPoints>
              <MethodPoint xsi:type="SequencePoint" vc="0" uspid="126" ordinal="0" offset="0" sl="170" sc="9" el="170" ec="10" bec="0" bev="0" fileid="2" />
            </Method>
          </Methods>
        </Class>
      </Classes>
    </Module>
  </Modules>
</CoverageSession>