<?xml version="1.0" encoding="utf-8"?>
<CoverageSession xmlns:xsd="http://www.w3.org/2001/XMLSchema" xmlns:xsi="http://www.w3.org/2001/XMLSchema-instance" Version="4.7.922.0">
  <Summary numSequencePoints="2895" visitedSequencePoints="1342" numBranchPoints="648" visitedBranchPoints="337" sequenceCoverage="46.36" branchCoverage="52.01" maxCyclomaticComplexity="11" minCyclomaticComplexity="1" maxCrapScore="132" minCrapScore="1" visitedClasses="21" numClasses="32" visitedMethods="280" numMethods="446" />
  <Modules>
    <Module hash="84-8E-6A-45-32-5D-C6-FB-EC-65-57-B6-05-7C-EB-1D-B1-46-ED-A4">
      <Summary numSequencePoints="783" visitedSequencePoints="753" numBranchPoints="147" visitedBranchPoints="147" sequenceCoverage="96.17" branchCoverage="100" maxCyclomaticComplexity="1" minCyclomaticComplexity="1" maxCrapScore="2" minCrapScore="1" visitedClasses="10" numClasses="10" visitedMethods="147" numMethods="147" />
      <ModulePath>C:\Users\user\Documents\大學三年級\111-1-Windows-Programming\HW4\Library109590004Tests\bin\Debug\fine-code-coverage\build-output\Library109590004Tests.dll</ModulePath>
      <ModuleTime>2022-11-15T07:50:10.8744307Z</ModuleTime>
      <ModuleName>Library109590004Tests</ModuleName>
      <Files>
        <File uid="1" fullPath="C:\Users\user\Documents\大學三年級\111-1-Windows-Programming\HW4\Library109590004Tests\Class\BookCategoryTests.cs" />
        <File uid="2" fullPath="C:\Users\user\Documents\大學三年級\111-1-Windows-Programming\HW4\Library109590004Tests\Class\BookItemTests.cs" />
        <File uid="3" fullPath="C:\Users\user\Documents\大學三年級\111-1-Windows-Programming\HW4\Library109590004Tests\Class\BookTests.cs" />
        <File uid="4" fullPath="C:\Users\user\Documents\大學三年級\111-1-Windows-Programming\HW4\Library109590004Tests\Class\BorrowedItemTests.cs" />
        <File uid="5" fullPath="C:\Users\user\Documents\大學三年級\111-1-Windows-Programming\HW4\Library109590004Tests\Class\BorrowedListTests.cs" />
        <File uid="6" fullPath="C:\Users\user\Documents\大學三年級\111-1-Windows-Programming\HW4\Library109590004Tests\Class\BorrowingListTests.cs" />
        <File uid="7" fullPath="C:\Users\user\Documents\大學三年級\111-1-Windows-Programming\HW4\Library109590004Tests\Class\LibraryMessagesTests.cs" />
        <File uid="8" fullPath="C:\Users\user\Documents\大學三年級\111-1-Windows-Programming\HW4\Library109590004Tests\LibraryModelTests.cs" />
        <File uid="9" fullPath="C:\Users\user\Documents\大學三年級\111-1-Windows-Programming\HW4\Library109590004Tests\Presentation Model\BackPackPresentationModelTests.cs" />
        <File uid="10" fullPath="C:\Users\user\Documents\大學三年級\111-1-Windows-Programming\HW4\Library109590004Tests\Presentation Model\BookBorrowingPresentationModelTests.cs" />
      </Files>
      <Classes>
        <Class>
          <Summary numSequencePoints="44" visitedSequencePoints="44" numBranchPoints="7" visitedBranchPoints="7" sequenceCoverage="100" branchCoverage="100" maxCyclomaticComplexity="1" minCyclomaticComplexity="1" maxCrapScore="2" minCrapScore="1" visitedClasses="1" numClasses="1" visitedMethods="7" numMethods="7" />
          <FullName>Library109590004.Tests.BookCategoryTests</FullName>
          <Methods>
            <Method visited="true" cyclomaticComplexity="1" nPathComplexity="0" sequenceCoverage="100" branchCoverage="100" crapScore="1" isConstructor="false" isStatic="false" isGetter="false" isSetter="false">
              <Summary numSequencePoints="6" visitedSequencePoints="6" numBranchPoints="1" visitedBranchPoints="1" sequenceCoverage="100" branchCoverage="100" maxCyclomaticComplexity="1" minCyclomaticComplexity="1" maxCrapScore="1" minCrapScore="1" visitedClasses="0" numClasses="0" visitedMethods="1" numMethods="1" />
              <MetadataToken>100663297</MetadataToken>
              <Name>System.Void Library109590004.Tests.BookCategoryTests::Initialize()</Name>
              <FileRef uid="1" />
              <SequencePoints>
                <SequencePoint vc="6" uspid="1" ordinal="0" offset="0" sl="20" sc="9" el="20" ec="10" bec="0" bev="0" fileid="1" />
                <SequencePoint vc="6" uspid="2" ordinal="1" offset="1" sl="21" sc="13" el="21" ec="53" bec="0" bev="0" fileid="1" />
                <SequencePoint vc="6" uspid="3" ordinal="2" offset="32" sl="22" sc="13" el="22" ec="47" bec="0" bev="0" fileid="1" />
                <SequencePoint vc="6" uspid="4" ordinal="3" offset="49" sl="23" sc="13" el="23" ec="28" bec="0" bev="0" fileid="1" />
                <SequencePoint vc="6" uspid="5" ordinal="4" offset="62" sl="24" sc="13" el="24" ec="60" bec="0" bev="0" fileid="1" />
                <SequencePoint vc="6" uspid="6" ordinal="5" offset="84" sl="25" sc="9" el="25" ec="10" bec="0" bev="0" fileid="1" />
              </SequencePoints>
              <BranchPoints />
              <MethodPoint xsi:type="SequencePoint" vc="6" uspid="1" ordinal="0" offset="0" sl="20" sc="9" el="20" ec="10" bec="0" bev="0" fileid="1" />
            </Method>
            <Method visited="true" cyclomaticComplexity="1" nPathComplexity="0" sequenceCoverage="100" branchCoverage="100" crapScore="1" isConstructor="false" isStatic="false" isGetter="false" isSetter="false">
              <Summary numSequencePoints="4" visitedSequencePoints="4" numBranchPoints="1" visitedBranchPoints="1" sequenceCoverage="100" branchCoverage="100" maxCyclomaticComplexity="1" minCyclomaticComplexity="1" maxCrapScore="1" minCrapScore="1" visitedClasses="0" numClasses="0" visitedMethods="1" numMethods="1" />
              <MetadataToken>100663298</MetadataToken>
              <Name>System.Void Library109590004.Tests.BookCategoryTests::TestBookCategory()</Name>
              <FileRef uid="1" />
              <SequencePoints>
                <SequencePoint vc="1" uspid="7" ordinal="0" offset="0" sl="30" sc="9" el="30" ec="10" bec="0" bev="0" fileid="1" />
                <SequencePoint vc="1" uspid="8" ordinal="1" offset="1" sl="31" sc="13" el="31" ec="55" bec="0" bev="0" fileid="1" />
                <SequencePoint vc="1" uspid="9" ordinal="2" offset="23" sl="32" sc="13" el="32" ec="70" bec="0" bev="0" fileid="1" />
                <SequencePoint vc="1" uspid="10" ordinal="3" offset="47" sl="33" sc="9" el="33" ec="10" bec="0" bev="0" fileid="1" />
              </SequencePoints>
              <BranchPoints />
              <MethodPoint xsi:type="SequencePoint" vc="1" uspid="7" ordinal="0" offset="0" sl="30" sc="9" el="30" ec="10" bec="0" bev="0" fileid="1" />
            </Method>
            <Method visited="true" cyclomaticComplexity="1" nPathComplexity="0" sequenceCoverage="100" branchCoverage="100" crapScore="1" isConstructor="false" isStatic="false" isGetter="false" isSetter="false">
              <Summary numSequencePoints="3" visitedSequencePoints="3" numBranchPoints="1" visitedBranchPoints="1" sequenceCoverage="100" branchCoverage="100" maxCyclomaticComplexity="1" minCyclomaticComplexity="1" maxCrapScore="1" minCrapScore="1" visitedClasses="0" numClasses="0" visitedMethods="1" numMethods="1" />
              <MetadataToken>100663299</MetadataToken>
              <Name>System.Void Library109590004.Tests.BookCategoryTests::TestGetBooksCount()</Name>
              <FileRef uid="1" />
              <SequencePoints>
                <SequencePoint vc="1" uspid="11" ordinal="0" offset="0" sl="38" sc="9" el="38" ec="10" bec="0" bev="0" fileid="1" />
                <SequencePoint vc="1" uspid="12" ordinal="1" offset="1" sl="39" sc="13" el="39" ec="63" bec="0" bev="0" fileid="1" />
                <SequencePoint vc="1" uspid="13" ordinal="2" offset="19" sl="40" sc="9" el="40" ec="10" bec="0" bev="0" fileid="1" />
              </SequencePoints>
              <BranchPoints />
              <MethodPoint xsi:type="SequencePoint" vc="1" uspid="11" ordinal="0" offset="0" sl="38" sc="9" el="38" ec="10" bec="0" bev="0" fileid="1" />
            </Method>
            <Method visited="true" cyclomaticComplexity="1" nPathComplexity="0" sequenceCoverage="100" branchCoverage="100" crapScore="1" isConstructor="false" isStatic="false" isGetter="false" isSetter="false">
              <Summary numSequencePoints="8" visitedSequencePoints="8" numBranchPoints="1" visitedBranchPoints="1" sequenceCoverage="100" branchCoverage="100" maxCyclomaticComplexity="1" minCyclomaticComplexity="1" maxCrapScore="1" minCrapScore="1" visitedClasses="0" numClasses="0" visitedMethods="1" numMethods="1" />
              <MetadataToken>100663300</MetadataToken>
              <Name>System.Void Library109590004.Tests.BookCategoryTests::TestGetBooks()</Name>
              <FileRef uid="1" />
              <SequencePoints>
                <SequencePoint vc="1" uspid="14" ordinal="0" offset="0" sl="45" sc="9" el="45" ec="10" bec="0" bev="0" fileid="1" />
                <SequencePoint vc="1" uspid="15" ordinal="1" offset="1" sl="46" sc="13" el="46" ec="68" bec="0" bev="0" fileid="1" />
                <SequencePoint vc="1" uspid="16" ordinal="2" offset="27" sl="47" sc="13" el="47" ec="46" bec="0" bev="0" fileid="1" />
                <SequencePoint vc="1" uspid="17" ordinal="3" offset="39" sl="48" sc="13" el="48" ec="27" bec="0" bev="0" fileid="1" />
                <SequencePoint vc="1" uspid="18" ordinal="4" offset="47" sl="49" sc="13" el="49" ec="42" bec="0" bev="0" fileid="1" />
                <SequencePoint vc="1" uspid="19" ordinal="5" offset="60" sl="50" sc="13" el="50" ec="78" bec="0" bev="0" fileid="1" />
                <SequencePoint vc="1" uspid="20" ordinal="6" offset="87" sl="51" sc="13" el="51" ec="83" bec="0" bev="0" fileid="1" />
                <SequencePoint vc="1" uspid="21" ordinal="7" offset="105" sl="52" sc="9" el="52" ec="10" bec="0" bev="0" fileid="1" />
              </SequencePoints>
              <BranchPoints />
              <MethodPoint xsi:type="SequencePoint" vc="1" uspid="14" ordinal="0" offset="0" sl="45" sc="9" el="45" ec="10" bec="0" bev="0" fileid="1" />
            </Method>
            <Method visited="true" cyclomaticComplexity="1" nPathComplexity="0" sequenceCoverage="100" branchCoverage="100" crapScore="1" isConstructor="false" isStatic="false" isGetter="false" isSetter="false">
              <Summary numSequencePoints="7" visitedSequencePoints="7" numBranchPoints="1" visitedBranchPoints="1" sequenceCoverage="100" branchCoverage="100" maxCyclomaticComplexity="1" minCyclomaticComplexity="1" maxCrapScore="1" minCrapScore="1" visitedClasses="0" numClasses="0" visitedMethods="1" numMethods="1" />
              <MetadataToken>100663301</MetadataToken>
              <Name>System.Void Library109590004.Tests.BookCategoryTests::TestAddBook()</Name>
              <FileRef uid="1" />
              <SequencePoints>
                <SequencePoint vc="1" uspid="22" ordinal="0" offset="0" sl="57" sc="9" el="57" ec="10" bec="0" bev="0" fileid="1" />
                <SequencePoint vc="1" uspid="23" ordinal="1" offset="1" sl="58" sc="13" el="58" ec="61" bec="0" bev="0" fileid="1" />
                <SequencePoint vc="1" uspid="24" ordinal="2" offset="27" sl="59" sc="13" el="59" ec="47" bec="0" bev="0" fileid="1" />
                <SequencePoint vc="1" uspid="25" ordinal="3" offset="39" sl="60" sc="13" el="60" ec="27" bec="0" bev="0" fileid="1" />
                <SequencePoint vc="1" uspid="26" ordinal="4" offset="47" sl="61" sc="13" el="61" ec="42" bec="0" bev="0" fileid="1" />
                <SequencePoint vc="1" uspid="27" ordinal="5" offset="60" sl="62" sc="13" el="62" ec="69" bec="0" bev="0" fileid="1" />
                <SequencePoint vc="1" uspid="28" ordinal="6" offset="79" sl="63" sc="9" el="63" ec="10" bec="0" bev="0" fileid="1" />
              </SequencePoints>
              <BranchPoints />
              <MethodPoint xsi:type="SequencePoint" vc="1" uspid="22" ordinal="0" offset="0" sl="57" sc="9" el="57" ec="10" bec="0" bev="0" fileid="1" />
            </Method>
            <Method visited="true" cyclomaticComplexity="1" nPathComplexity="0" sequenceCoverage="100" branchCoverage="100" crapScore="1" isConstructor="false" isStatic="false" isGetter="false" isSetter="false">
              <Summary numSequencePoints="3" visitedSequencePoints="3" numBranchPoints="1" visitedBranchPoints="1" sequenceCoverage="100" branchCoverage="100" maxCyclomaticComplexity="1" minCyclomaticComplexity="1" maxCrapScore="1" minCrapScore="1" visitedClasses="0" numClasses="0" visitedMethods="1" numMethods="1" />
              <MetadataToken>100663302</MetadataToken>
              <Name>System.Void Library109590004.Tests.BookCategoryTests::TestGetIndexOfBook()</Name>
              <FileRef uid="1" />
              <SequencePoints>
                <SequencePoint vc="1" uspid="29" ordinal="0" offset="0" sl="68" sc="9" el="68" ec="10" bec="0" bev="0" fileid="1" />
                <SequencePoint vc="1" uspid="30" ordinal="1" offset="1" sl="69" sc="13" el="69" ec="70" bec="0" bev="0" fileid="1" />
                <SequencePoint vc="1" uspid="31" ordinal="2" offset="25" sl="70" sc="9" el="70" ec="10" bec="0" bev="0" fileid="1" />
              </SequencePoints>
              <BranchPoints />
              <MethodPoint xsi:type="SequencePoint" vc="1" uspid="29" ordinal="0" offset="0" sl="68" sc="9" el="68" ec="10" bec="0" bev="0" fileid="1" />
            </Method>
            <Method visited="true" cyclomaticComplexity="1" nPathComplexity="0" sequenceCoverage="100" branchCoverage="100" crapScore="1" isConstructor="false" isStatic="false" isGetter="false" isSetter="false">
              <Summary numSequencePoints="13" visitedSequencePoints="13" numBranchPoints="1" visitedBranchPoints="1" sequenceCoverage="100" branchCoverage="100" maxCyclomaticComplexity="1" minCyclomaticComplexity="1" maxCrapScore="1" minCrapScore="1" visitedClasses="0" numClasses="0" visitedMethods="1" numMethods="1" />
              <MetadataToken>100663303</MetadataToken>
              <Name>System.Void Library109590004.Tests.BookCategoryTests::TestRemoveContainBook()</Name>
              <FileRef uid="1" />
              <SequencePoints>
                <SequencePoint vc="1" uspid="32" ordinal="0" offset="0" sl="74" sc="9" el="74" ec="10" bec="0" bev="0" fileid="1" />
                <SequencePoint vc="1" uspid="33" ordinal="1" offset="1" sl="75" sc="13" el="75" ec="61" bec="0" bev="0" fileid="1" />
                <SequencePoint vc="1" uspid="34" ordinal="2" offset="27" sl="76" sc="13" el="76" ec="47" bec="0" bev="0" fileid="1" />
                <SequencePoint vc="1" uspid="35" ordinal="3" offset="39" sl="77" sc="13" el="77" ec="27" bec="0" bev="0" fileid="1" />
                <SequencePoint vc="1" uspid="36" ordinal="4" offset="47" sl="78" sc="13" el="78" ec="60" bec="0" bev="0" fileid="1" />
                <SequencePoint vc="1" uspid="37" ordinal="5" offset="73" sl="79" sc="13" el="79" ec="49" bec="0" bev="0" fileid="1" />
                <SequencePoint vc="1" uspid="38" ordinal="6" offset="85" sl="80" sc="13" el="80" ec="27" bec="0" bev="0" fileid="1" />
                <SequencePoint vc="1" uspid="39" ordinal="7" offset="93" sl="81" sc="13" el="81" ec="42" bec="0" bev="0" fileid="1" />
                <SequencePoint vc="1" uspid="40" ordinal="8" offset="106" sl="82" sc="13" el="82" ec="42" bec="0" bev="0" fileid="1" />
                <SequencePoint vc="1" uspid="41" ordinal="9" offset="119" sl="83" sc="13" el="83" ec="53" bec="0" bev="0" fileid="1" />
                <SequencePoint vc="1" uspid="42" ordinal="10" offset="137" sl="84" sc="13" el="84" ec="66" bec="0" bev="0" fileid="1" />
                <SequencePoint vc="1" uspid="43" ordinal="11" offset="159" sl="85" sc="13" el="85" ec="72" bec="0" bev="0" fileid="1" />
                <SequencePoint vc="1" uspid="44" ordinal="12" offset="177" sl="86" sc="9" el="86" ec="10" bec="0" bev="0" fileid="1" />
              </SequencePoints>
              <BranchPoints />
              <MethodPoint xsi:type="SequencePoint" vc="1" uspid="32" ordinal="0" offset="0" sl="74" sc="9" el="74" ec="10" bec="0" bev="0" fileid="1" />
            </Method>
            <Method visited="false" cyclomaticComplexity="1" nPathComplexity="0" sequenceCoverage="0" branchCoverage="0" crapScore="2" isConstructor="true" isStatic="false" isGetter="false" isSetter="false">
              <Summary numSequencePoints="0" visitedSequencePoints="0" numBranchPoints="0" visitedBranchPoints="0" sequenceCoverage="0" branchCoverage="0" maxCyclomaticComplexity="1" minCyclomaticComplexity="1" maxCrapScore="2" minCrapScore="2" visitedClasses="0" numClasses="0" visitedMethods="0" numMethods="0" />
              <MetadataToken>100663304</MetadataToken>
              <Name>System.Void Library109590004.Tests.BookCategoryTests::.ctor()</Name>
              <SequencePoints />
              <BranchPoints />
              <MethodPoint vc="0" uspid="45" ordinal="0" offset="0" />
            </Method>
          </Methods>
        </Class>
        <Class>
          <Summary numSequencePoints="8" visitedSequencePoints="8" numBranchPoints="2" visitedBranchPoints="2" sequenceCoverage="100" branchCoverage="100" maxCyclomaticComplexity="1" minCyclomaticComplexity="1" maxCrapScore="2" minCrapScore="1" visitedClasses="1" numClasses="1" visitedMethods="2" numMethods="2" />
          <FullName>Library109590004.Tests.BookItemTests</FullName>
          <Methods>
            <Method visited="true" cyclomaticComplexity="1" nPathComplexity="0" sequenceCoverage="100" branchCoverage="100" crapScore="1" isConstructor="false" isStatic="false" isGetter="false" isSetter="false">
              <Summary numSequencePoints="3" visitedSequencePoints="3" numBranchPoints="1" visitedBranchPoints="1" sequenceCoverage="100" branchCoverage="100" maxCyclomaticComplexity="1" minCyclomaticComplexity="1" maxCrapScore="1" minCrapScore="1" visitedClasses="0" numClasses="0" visitedMethods="1" numMethods="1" />
              <MetadataToken>100663305</MetadataToken>
              <Name>System.Void Library109590004.Tests.BookItemTests::Initialize()</Name>
              <FileRef uid="2" />
              <SequencePoints>
                <SequencePoint vc="1" uspid="46" ordinal="0" offset="0" sl="18" sc="9" el="18" ec="10" bec="0" bev="0" fileid="2" />
                <SequencePoint vc="1" uspid="47" ordinal="1" offset="1" sl="19" sc="13" el="19" ec="41" bec="0" bev="0" fileid="2" />
                <SequencePoint vc="1" uspid="48" ordinal="2" offset="13" sl="20" sc="9" el="20" ec="10" bec="0" bev="0" fileid="2" />
              </SequencePoints>
              <BranchPoints />
              <MethodPoint xsi:type="SequencePoint" vc="1" uspid="46" ordinal="0" offset="0" sl="18" sc="9" el="18" ec="10" bec="0" bev="0" fileid="2" />
            </Method>
            <Method visited="true" cyclomaticComplexity="1" nPathComplexity="0" sequenceCoverage="100" branchCoverage="100" crapScore="1" isConstructor="false" isStatic="false" isGetter="false" isSetter="false">
              <Summary numSequencePoints="5" visitedSequencePoints="5" numBranchPoints="1" visitedBranchPoints="1" sequenceCoverage="100" branchCoverage="100" maxCyclomaticComplexity="1" minCyclomaticComplexity="1" maxCrapScore="1" minCrapScore="1" visitedClasses="0" numClasses="0" visitedMethods="1" numMethods="1" />
              <MetadataToken>100663306</MetadataToken>
              <Name>System.Void Library109590004.Tests.BookItemTests::TestBookItemAmount()</Name>
              <FileRef uid="2" />
              <SequencePoints>
                <SequencePoint vc="1" uspid="49" ordinal="0" offset="0" sl="25" sc="9" el="25" ec="10" bec="0" bev="0" fileid="2" />
                <SequencePoint vc="1" uspid="50" ordinal="1" offset="1" sl="26" sc="13" el="26" ec="50" bec="0" bev="0" fileid="2" />
                <SequencePoint vc="1" uspid="51" ordinal="2" offset="19" sl="27" sc="13" el="27" ec="34" bec="0" bev="0" fileid="2" />
                <SequencePoint vc="1" uspid="52" ordinal="3" offset="32" sl="28" sc="13" el="28" ec="50" bec="0" bev="0" fileid="2" />
                <SequencePoint vc="1" uspid="53" ordinal="4" offset="50" sl="29" sc="9" el="29" ec="10" bec="0" bev="0" fileid="2" />
              </SequencePoints>
              <BranchPoints />
              <MethodPoint xsi:type="SequencePoint" vc="1" uspid="49" ordinal="0" offset="0" sl="25" sc="9" el="25" ec="10" bec="0" bev="0" fileid="2" />
            </Method>
            <Method visited="false" cyclomaticComplexity="1" nPathComplexity="0" sequenceCoverage="0" branchCoverage="0" crapScore="2" isConstructor="true" isStatic="false" isGetter="false" isSetter="false">
              <Summary numSequencePoints="0" visitedSequencePoints="0" numBranchPoints="0" visitedBranchPoints="0" sequenceCoverage="0" branchCoverage="0" maxCyclomaticComplexity="1" minCyclomaticComplexity="1" maxCrapScore="2" minCrapScore="2" visitedClasses="0" numClasses="0" visitedMethods="0" numMethods="0" />
              <MetadataToken>100663307</MetadataToken>
              <Name>System.Void Library109590004.Tests.BookItemTests::.ctor()</Name>
              <SequencePoints />
              <BranchPoints />
              <MethodPoint vc="0" uspid="54" ordinal="0" offset="0" />
            </Method>
          </Methods>
        </Class>
        <Class>
          <Summary numSequencePoints="29" visitedSequencePoints="29" numBranchPoints="4" visitedBranchPoints="4" sequenceCoverage="100" branchCoverage="100" maxCyclomaticComplexity="1" minCyclomaticComplexity="1" maxCrapScore="2" minCrapScore="1" visitedClasses="1" numClasses="1" visitedMethods="4" numMethods="4" />
          <FullName>Library109590004.Tests.BookTests</FullName>
          <Methods>
            <Method visited="true" cyclomaticComplexity="1" nPathComplexity="0" sequenceCoverage="100" branchCoverage="100" crapScore="1" isConstructor="false" isStatic="false" isGetter="false" isSetter="false">
              <Summary numSequencePoints="5" visitedSequencePoints="5" numBranchPoints="1" visitedBranchPoints="1" sequenceCoverage="100" branchCoverage="100" maxCyclomaticComplexity="1" minCyclomaticComplexity="1" maxCrapScore="1" minCrapScore="1" visitedClasses="0" numClasses="0" visitedMethods="1" numMethods="1" />
              <MetadataToken>100663308</MetadataToken>
              <Name>System.Void Library109590004.Tests.BookTests::Initialize()</Name>
              <FileRef uid="3" />
              <SequencePoints>
                <SequencePoint vc="3" uspid="55" ordinal="0" offset="0" sl="18" sc="9" el="18" ec="10" bec="0" bev="0" fileid="3" />
                <SequencePoint vc="3" uspid="56" ordinal="1" offset="1" sl="19" sc="13" el="19" ec="75" bec="0" bev="0" fileid="3" />
                <SequencePoint vc="3" uspid="57" ordinal="2" offset="32" sl="20" sc="13" el="20" ec="54" bec="0" bev="0" fileid="3" />
                <SequencePoint vc="3" uspid="58" ordinal="3" offset="49" sl="21" sc="13" el="21" ec="27" bec="0" bev="0" fileid="3" />
                <SequencePoint vc="3" uspid="59" ordinal="4" offset="62" sl="22" sc="9" el="22" ec="10" bec="0" bev="0" fileid="3" />
              </SequencePoints>
              <BranchPoints />
              <MethodPoint xsi:type="SequencePoint" vc="3" uspid="55" ordinal="0" offset="0" sl="18" sc="9" el="18" ec="10" bec="0" bev="0" fileid="3" />
            </Method>
            <Method visited="true" cyclomaticComplexity="1" nPathComplexity="0" sequenceCoverage="100" branchCoverage="100" crapScore="1" isConstructor="false" isStatic="false" isGetter="false" isSetter="false">
              <Summary numSequencePoints="8" visitedSequencePoints="8" numBranchPoints="1" visitedBranchPoints="1" sequenceCoverage="100" branchCoverage="100" maxCyclomaticComplexity="1" minCyclomaticComplexity="1" maxCrapScore="1" minCrapScore="1" visitedClasses="0" numClasses="0" visitedMethods="1" numMethods="1" />
              <MetadataToken>100663309</MetadataToken>
              <Name>System.Void Library109590004.Tests.BookTests::TestBook()</Name>
              <FileRef uid="3" />
              <SequencePoints>
                <SequencePoint vc="1" uspid="60" ordinal="0" offset="0" sl="27" sc="9" el="27" ec="10" bec="0" bev="0" fileid="3" />
                <SequencePoint vc="1" uspid="61" ordinal="1" offset="1" sl="28" sc="13" el="28" ec="51" bec="0" bev="0" fileid="3" />
                <SequencePoint vc="1" uspid="62" ordinal="2" offset="23" sl="29" sc="13" el="29" ec="49" bec="0" bev="0" fileid="3" />
                <SequencePoint vc="1" uspid="63" ordinal="3" offset="45" sl="30" sc="13" el="30" ec="56" bec="0" bev="0" fileid="3" />
                <SequencePoint vc="1" uspid="64" ordinal="4" offset="67" sl="31" sc="13" el="31" ec="60" bec="0" bev="0" fileid="3" />
                <SequencePoint vc="1" uspid="65" ordinal="5" offset="89" sl="32" sc="13" el="32" ec="70" bec="0" bev="0" fileid="3" />
                <SequencePoint vc="1" uspid="66" ordinal="6" offset="111" sl="33" sc="13" el="33" ec="43" bec="0" bev="0" fileid="3" />
                <SequencePoint vc="1" uspid="67" ordinal="7" offset="129" sl="34" sc="9" el="34" ec="10" bec="0" bev="0" fileid="3" />
              </SequencePoints>
              <BranchPoints />
              <MethodPoint xsi:type="SequencePoint" vc="1" uspid="60" ordinal="0" offset="0" sl="27" sc="9" el="27" ec="10" bec="0" bev="0" fileid="3" />
            </Method>
            <Method visited="true" cyclomaticComplexity="1" nPathComplexity="0" sequenceCoverage="100" branchCoverage="100" crapScore="1" isConstructor="false" isStatic="false" isGetter="false" isSetter="false">
              <Summary numSequencePoints="10" visitedSequencePoints="10" numBranchPoints="1" visitedBranchPoints="1" sequenceCoverage="100" branchCoverage="100" maxCyclomaticComplexity="1" minCyclomaticComplexity="1" maxCrapScore="1" minCrapScore="1" visitedClasses="0" numClasses="0" visitedMethods="1" numMethods="1" />
              <MetadataToken>100663310</MetadataToken>
              <Name>System.Void Library109590004.Tests.BookTests::TestIsSameBook()</Name>
              <FileRef uid="3" />
              <SequencePoints>
                <SequencePoint vc="1" uspid="68" ordinal="0" offset="0" sl="39" sc="9" el="39" ec="10" bec="0" bev="0" fileid="3" />
                <SequencePoint vc="1" uspid="69" ordinal="1" offset="1" sl="40" sc="13" el="40" ec="79" bec="0" bev="0" fileid="3" />
                <SequencePoint vc="1" uspid="70" ordinal="2" offset="27" sl="41" sc="13" el="41" ec="53" bec="0" bev="0" fileid="3" />
                <SequencePoint vc="1" uspid="71" ordinal="3" offset="39" sl="42" sc="13" el="42" ec="26" bec="0" bev="0" fileid="3" />
                <SequencePoint vc="1" uspid="72" ordinal="4" offset="47" sl="43" sc="13" el="43" ec="56" bec="0" bev="0" fileid="3" />
                <SequencePoint vc="1" uspid="73" ordinal="5" offset="73" sl="44" sc="13" el="44" ec="46" bec="0" bev="0" fileid="3" />
                <SequencePoint vc="1" uspid="74" ordinal="6" offset="85" sl="45" sc="13" el="45" ec="27" bec="0" bev="0" fileid="3" />
                <SequencePoint vc="1" uspid="75" ordinal="7" offset="93" sl="46" sc="13" el="46" ec="51" bec="0" bev="0" fileid="3" />
                <SequencePoint vc="1" uspid="76" ordinal="8" offset="111" sl="47" sc="13" el="47" ec="53" bec="0" bev="0" fileid="3" />
                <SequencePoint vc="1" uspid="77" ordinal="9" offset="129" sl="48" sc="9" el="48" ec="10" bec="0" bev="0" fileid="3" />
              </SequencePoints>
              <BranchPoints />
              <MethodPoint xsi:type="SequencePoint" vc="1" uspid="68" ordinal="0" offset="0" sl="39" sc="9" el="39" ec="10" bec="0" bev="0" fileid="3" />
            </Method>
            <Method visited="true" cyclomaticComplexity="1" nPathComplexity="0" sequenceCoverage="100" branchCoverage="100" crapScore="1" isConstructor="false" isStatic="false" isGetter="false" isSetter="false">
              <Summary numSequencePoints="6" visitedSequencePoints="6" numBranchPoints="1" visitedBranchPoints="1" sequenceCoverage="100" branchCoverage="100" maxCyclomaticComplexity="1" minCyclomaticComplexity="1" maxCrapScore="1" minCrapScore="1" visitedClasses="0" numClasses="0" visitedMethods="1" numMethods="1" />
              <MetadataToken>100663311</MetadataToken>
              <Name>System.Void Library109590004.Tests.BookTests::TestUpdateBookDetail()</Name>
              <FileRef uid="3" />
              <SequencePoints>
                <SequencePoint vc="1" uspid="78" ordinal="0" offset="0" sl="53" sc="9" el="53" ec="10" bec="0" bev="0" fileid="3" />
                <SequencePoint vc="1" uspid="79" ordinal="1" offset="1" sl="54" sc="13" el="54" ec="56" bec="0" bev="0" fileid="3" />
                <SequencePoint vc="1" uspid="80" ordinal="2" offset="27" sl="55" sc="13" el="55" ec="46" bec="0" bev="0" fileid="3" />
                <SequencePoint vc="1" uspid="81" ordinal="3" offset="39" sl="56" sc="13" el="56" ec="43" bec="0" bev="0" fileid="3" />
                <SequencePoint vc="1" uspid="82" ordinal="4" offset="52" sl="57" sc="13" el="57" ec="52" bec="0" bev="0" fileid="3" />
                <SequencePoint vc="1" uspid="83" ordinal="5" offset="70" sl="58" sc="9" el="58" ec="10" bec="0" bev="0" fileid="3" />
              </SequencePoints>
              <BranchPoints />
              <MethodPoint xsi:type="SequencePoint" vc="1" uspid="78" ordinal="0" offset="0" sl="53" sc="9" el="53" ec="10" bec="0" bev="0" fileid="3" />
            </Method>
            <Method visited="false" cyclomaticComplexity="1" nPathComplexity="0" sequenceCoverage="0" branchCoverage="0" crapScore="2" isConstructor="true" isStatic="false" isGetter="false" isSetter="false">
              <Summary numSequencePoints="0" visitedSequencePoints="0" numBranchPoints="0" visitedBranchPoints="0" sequenceCoverage="0" branchCoverage="0" maxCyclomaticComplexity="1" minCyclomaticComplexity="1" maxCrapScore="2" minCrapScore="2" visitedClasses="0" numClasses="0" visitedMethods="0" numMethods="0" />
              <MetadataToken>100663312</MetadataToken>
              <Name>System.Void Library109590004.Tests.BookTests::.ctor()</Name>
              <SequencePoints />
              <BranchPoints />
              <MethodPoint vc="0" uspid="84" ordinal="0" offset="0" />
            </Method>
          </Methods>
        </Class>
        <Class>
          <Summary numSequencePoints="53" visitedSequencePoints="53" numBranchPoints="12" visitedBranchPoints="12" sequenceCoverage="100" branchCoverage="100" maxCyclomaticComplexity="1" minCyclomaticComplexity="1" maxCrapScore="2" minCrapScore="1" visitedClasses="1" numClasses="1" visitedMethods="12" numMethods="12" />
          <FullName>Library109590004.Tests.BorrowedItemTests</FullName>
          <Methods>
            <Method visited="true" cyclomaticComplexity="1" nPathComplexity="0" sequenceCoverage="100" branchCoverage="100" crapScore="1" isConstructor="false" isStatic="false" isGetter="false" isSetter="false">
              <Summary numSequencePoints="6" visitedSequencePoints="6" numBranchPoints="1" visitedBranchPoints="1" sequenceCoverage="100" branchCoverage="100" maxCyclomaticComplexity="1" minCyclomaticComplexity="1" maxCrapScore="1" minCrapScore="1" visitedClasses="0" numClasses="0" visitedMethods="1" numMethods="1" />
              <MetadataToken>100663313</MetadataToken>
              <Name>System.Void Library109590004.Tests.BorrowedItemTests::Initialize()</Name>
              <FileRef uid="4" />
              <SequencePoints>
                <SequencePoint vc="11" uspid="85" ordinal="0" offset="0" sl="20" sc="9" el="20" ec="10" bec="0" bev="0" fileid="4" />
                <SequencePoint vc="11" uspid="86" ordinal="1" offset="1" sl="21" sc="13" el="21" ec="56" bec="0" bev="0" fileid="4" />
                <SequencePoint vc="11" uspid="87" ordinal="2" offset="32" sl="22" sc="13" el="22" ec="46" bec="0" bev="0" fileid="4" />
                <SequencePoint vc="11" uspid="88" ordinal="3" offset="49" sl="23" sc="13" el="23" ec="27" bec="0" bev="0" fileid="4" />
                <SequencePoint vc="11" uspid="89" ordinal="4" offset="62" sl="24" sc="13" el="24" ec="86" bec="0" bev="0" fileid="4" />
                <SequencePoint vc="11" uspid="90" ordinal="5" offset="90" sl="25" sc="9" el="25" ec="10" bec="0" bev="0" fileid="4" />
              </SequencePoints>
              <BranchPoints />
              <MethodPoint xsi:type="SequencePoint" vc="11" uspid="85" ordinal="0" offset="0" sl="20" sc="9" el="20" ec="10" bec="0" bev="0" fileid="4" />
            </Method>
            <Method visited="true" cyclomaticComplexity="1" nPathComplexity="0" sequenceCoverage="100" branchCoverage="100" crapScore="1" isConstructor="false" isStatic="false" isGetter="false" isSetter="false">
              <Summary numSequencePoints="4" visitedSequencePoints="4" numBranchPoints="1" visitedBranchPoints="1" sequenceCoverage="100" branchCoverage="100" maxCyclomaticComplexity="1" minCyclomaticComplexity="1" maxCrapScore="1" minCrapScore="1" visitedClasses="0" numClasses="0" visitedMethods="1" numMethods="1" />
              <MetadataToken>100663314</MetadataToken>
              <Name>System.Void Library109590004.Tests.BorrowedItemTests::BorrowedItemTest()</Name>
              <FileRef uid="4" />
              <SequencePoints>
                <SequencePoint vc="1" uspid="91" ordinal="0" offset="0" sl="30" sc="9" el="30" ec="10" bec="0" bev="0" fileid="4" />
                <SequencePoint vc="1" uspid="92" ordinal="1" offset="1" sl="31" sc="13" el="31" ec="55" bec="0" bev="0" fileid="4" />
                <SequencePoint vc="1" uspid="93" ordinal="2" offset="19" sl="32" sc="13" el="32" ec="62" bec="0" bev="0" fileid="4" />
                <SequencePoint vc="1" uspid="94" ordinal="3" offset="37" sl="33" sc="9" el="33" ec="10" bec="0" bev="0" fileid="4" />
              </SequencePoints>
              <BranchPoints />
              <MethodPoint xsi:type="SequencePoint" vc="1" uspid="91" ordinal="0" offset="0" sl="30" sc="9" el="30" ec="10" bec="0" bev="0" fileid="4" />
            </Method>
            <Method visited="true" cyclomaticComplexity="1" nPathComplexity="0" sequenceCoverage="100" branchCoverage="100" crapScore="1" isConstructor="false" isStatic="false" isGetter="false" isSetter="false">
              <Summary numSequencePoints="3" visitedSequencePoints="3" numBranchPoints="1" visitedBranchPoints="1" sequenceCoverage="100" branchCoverage="100" maxCyclomaticComplexity="1" minCyclomaticComplexity="1" maxCrapScore="1" minCrapScore="1" visitedClasses="0" numClasses="0" visitedMethods="1" numMethods="1" />
              <MetadataToken>100663315</MetadataToken>
              <Name>System.Void Library109590004.Tests.BorrowedItemTests::TestGetBookName()</Name>
              <FileRef uid="4" />
              <SequencePoints>
                <SequencePoint vc="1" uspid="95" ordinal="0" offset="0" sl="38" sc="9" el="38" ec="10" bec="0" bev="0" fileid="4" />
                <SequencePoint vc="1" uspid="96" ordinal="1" offset="1" sl="39" sc="13" el="39" ec="67" bec="0" bev="0" fileid="4" />
                <SequencePoint vc="1" uspid="97" ordinal="2" offset="23" sl="40" sc="9" el="40" ec="10" bec="0" bev="0" fileid="4" />
              </SequencePoints>
              <BranchPoints />
              <MethodPoint xsi:type="SequencePoint" vc="1" uspid="95" ordinal="0" offset="0" sl="38" sc="9" el="38" ec="10" bec="0" bev="0" fileid="4" />
            </Method>
            <Method visited="true" cyclomaticComplexity="1" nPathComplexity="0" sequenceCoverage="100" branchCoverage="100" crapScore="1" isConstructor="false" isStatic="false" isGetter="false" isSetter="false">
              <Summary numSequencePoints="3" visitedSequencePoints="3" numBranchPoints="1" visitedBranchPoints="1" sequenceCoverage="100" branchCoverage="100" maxCyclomaticComplexity="1" minCyclomaticComplexity="1" maxCrapScore="1" minCrapScore="1" visitedClasses="0" numClasses="0" visitedMethods="1" numMethods="1" />
              <MetadataToken>100663316</MetadataToken>
              <Name>System.Void Library109590004.Tests.BorrowedItemTests::TestGetBookId()</Name>
              <FileRef uid="4" />
              <SequencePoints>
                <SequencePoint vc="1" uspid="98" ordinal="0" offset="0" sl="45" sc="9" el="45" ec="10" bec="0" bev="0" fileid="4" />
                <SequencePoint vc="1" uspid="99" ordinal="1" offset="1" sl="46" sc="13" el="46" ec="61" bec="0" bev="0" fileid="4" />
                <SequencePoint vc="1" uspid="100" ordinal="2" offset="23" sl="47" sc="9" el="47" ec="10" bec="0" bev="0" fileid="4" />
              </SequencePoints>
              <BranchPoints />
              <MethodPoint xsi:type="SequencePoint" vc="1" uspid="98" ordinal="0" offset="0" sl="45" sc="9" el="45" ec="10" bec="0" bev="0" fileid="4" />
            </Method>
            <Method visited="true" cyclomaticComplexity="1" nPathComplexity="0" sequenceCoverage="100" branchCoverage="100" crapScore="1" isConstructor="false" isStatic="false" isGetter="false" isSetter="false">
              <Summary numSequencePoints="3" visitedSequencePoints="3" numBranchPoints="1" visitedBranchPoints="1" sequenceCoverage="100" branchCoverage="100" maxCyclomaticComplexity="1" minCyclomaticComplexity="1" maxCrapScore="1" minCrapScore="1" visitedClasses="0" numClasses="0" visitedMethods="1" numMethods="1" />
              <MetadataToken>100663317</MetadataToken>
              <Name>System.Void Library109590004.Tests.BorrowedItemTests::TestGetBookAuthor()</Name>
              <FileRef uid="4" />
              <SequencePoints>
                <SequencePoint vc="1" uspid="101" ordinal="0" offset="0" sl="52" sc="9" el="52" ec="10" bec="0" bev="0" fileid="4" />
                <SequencePoint vc="1" uspid="102" ordinal="1" offset="1" sl="53" sc="13" el="53" ec="64" bec="0" bev="0" fileid="4" />
                <SequencePoint vc="1" uspid="103" ordinal="2" offset="23" sl="54" sc="9" el="54" ec="10" bec="0" bev="0" fileid="4" />
              </SequencePoints>
              <BranchPoints />
              <MethodPoint xsi:type="SequencePoint" vc="1" uspid="101" ordinal="0" offset="0" sl="52" sc="9" el="52" ec="10" bec="0" bev="0" fileid="4" />
            </Method>
            <Method visited="true" cyclomaticComplexity="1" nPathComplexity="0" sequenceCoverage="100" branchCoverage="100" crapScore="1" isConstructor="false" isStatic="false" isGetter="false" isSetter="false">
              <Summary numSequencePoints="3" visitedSequencePoints="3" numBranchPoints="1" visitedBranchPoints="1" sequenceCoverage="100" branchCoverage="100" maxCyclomaticComplexity="1" minCyclomaticComplexity="1" maxCrapScore="1" minCrapScore="1" visitedClasses="0" numClasses="0" visitedMethods="1" numMethods="1" />
              <MetadataToken>100663318</MetadataToken>
              <Name>System.Void Library109590004.Tests.BorrowedItemTests::TestGetBookPublication()</Name>
              <FileRef uid="4" />
              <SequencePoints>
                <SequencePoint vc="1" uspid="104" ordinal="0" offset="0" sl="59" sc="9" el="59" ec="10" bec="0" bev="0" fileid="4" />
                <SequencePoint vc="1" uspid="105" ordinal="1" offset="1" sl="60" sc="13" el="60" ec="73" bec="0" bev="0" fileid="4" />
                <SequencePoint vc="1" uspid="106" ordinal="2" offset="23" sl="61" sc="9" el="61" ec="10" bec="0" bev="0" fileid="4" />
              </SequencePoints>
              <BranchPoints />
              <MethodPoint xsi:type="SequencePoint" vc="1" uspid="104" ordinal="0" offset="0" sl="59" sc="9" el="59" ec="10" bec="0" bev="0" fileid="4" />
            </Method>
            <Method visited="true" cyclomaticComplexity="1" nPathComplexity="0" sequenceCoverage="100" branchCoverage="100" crapScore="1" isConstructor="false" isStatic="false" isGetter="false" isSetter="false">
              <Summary numSequencePoints="3" visitedSequencePoints="3" numBranchPoints="1" visitedBranchPoints="1" sequenceCoverage="100" branchCoverage="100" maxCyclomaticComplexity="1" minCyclomaticComplexity="1" maxCrapScore="1" minCrapScore="1" visitedClasses="0" numClasses="0" visitedMethods="1" numMethods="1" />
              <MetadataToken>100663319</MetadataToken>
              <Name>System.Void Library109590004.Tests.BorrowedItemTests::TestGetBorrowedDate()</Name>
              <FileRef uid="4" />
              <SequencePoints>
                <SequencePoint vc="1" uspid="107" ordinal="0" offset="0" sl="66" sc="9" el="66" ec="10" bec="0" bev="0" fileid="4" />
                <SequencePoint vc="1" uspid="108" ordinal="1" offset="1" sl="67" sc="13" el="67" ec="76" bec="0" bev="0" fileid="4" />
                <SequencePoint vc="1" uspid="109" ordinal="2" offset="23" sl="68" sc="9" el="68" ec="10" bec="0" bev="0" fileid="4" />
              </SequencePoints>
              <BranchPoints />
              <MethodPoint xsi:type="SequencePoint" vc="1" uspid="107" ordinal="0" offset="0" sl="66" sc="9" el="66" ec="10" bec="0" bev="0" fileid="4" />
            </Method>
            <Method visited="true" cyclomaticComplexity="1" nPathComplexity="0" sequenceCoverage="100" branchCoverage="100" crapScore="1" isConstructor="false" isStatic="false" isGetter="false" isSetter="false">
              <Summary numSequencePoints="3" visitedSequencePoints="3" numBranchPoints="1" visitedBranchPoints="1" sequenceCoverage="100" branchCoverage="100" maxCyclomaticComplexity="1" minCyclomaticComplexity="1" maxCrapScore="1" minCrapScore="1" visitedClasses="0" numClasses="0" visitedMethods="1" numMethods="1" />
              <MetadataToken>100663320</MetadataToken>
              <Name>System.Void Library109590004.Tests.BorrowedItemTests::TestGetLatestReturnDate()</Name>
              <FileRef uid="4" />
              <SequencePoints>
                <SequencePoint vc="1" uspid="110" ordinal="0" offset="0" sl="73" sc="9" el="73" ec="10" bec="0" bev="0" fileid="4" />
                <SequencePoint vc="1" uspid="111" ordinal="1" offset="1" sl="74" sc="13" el="74" ec="80" bec="0" bev="0" fileid="4" />
                <SequencePoint vc="1" uspid="112" ordinal="2" offset="23" sl="75" sc="9" el="75" ec="10" bec="0" bev="0" fileid="4" />
              </SequencePoints>
              <BranchPoints />
              <MethodPoint xsi:type="SequencePoint" vc="1" uspid="110" ordinal="0" offset="0" sl="73" sc="9" el="73" ec="10" bec="0" bev="0" fileid="4" />
            </Method>
            <Method visited="true" cyclomaticComplexity="1" nPathComplexity="0" sequenceCoverage="100" branchCoverage="100" crapScore="1" isConstructor="false" isStatic="false" isGetter="false" isSetter="false">
              <Summary numSequencePoints="12" visitedSequencePoints="12" numBranchPoints="1" visitedBranchPoints="1" sequenceCoverage="100" branchCoverage="100" maxCyclomaticComplexity="1" minCyclomaticComplexity="1" maxCrapScore="1" minCrapScore="1" visitedClasses="0" numClasses="0" visitedMethods="1" numMethods="1" />
              <MetadataToken>100663321</MetadataToken>
              <Name>System.Void Library109590004.Tests.BorrowedItemTests::TestIsSameBook()</Name>
              <FileRef uid="4" />
              <SequencePoints>
                <SequencePoint vc="1" uspid="113" ordinal="0" offset="0" sl="80" sc="9" el="80" ec="10" bec="0" bev="0" fileid="4" />
                <SequencePoint vc="1" uspid="114" ordinal="1" offset="1" sl="81" sc="13" el="81" ec="60" bec="0" bev="0" fileid="4" />
                <SequencePoint vc="1" uspid="115" ordinal="2" offset="27" sl="82" sc="13" el="82" ec="45" bec="0" bev="0" fileid="4" />
                <SequencePoint vc="1" uspid="116" ordinal="3" offset="39" sl="83" sc="13" el="83" ec="26" bec="0" bev="0" fileid="4" />
                <SequencePoint vc="1" uspid="117" ordinal="4" offset="47" sl="84" sc="13" el="84" ec="81" bec="0" bev="0" fileid="4" />
                <SequencePoint vc="1" uspid="118" ordinal="5" offset="60" sl="85" sc="13" el="85" ec="67" bec="0" bev="0" fileid="4" />
                <SequencePoint vc="1" uspid="119" ordinal="6" offset="78" sl="86" sc="13" el="86" ec="60" bec="0" bev="0" fileid="4" />
                <SequencePoint vc="1" uspid="120" ordinal="7" offset="104" sl="87" sc="13" el="87" ec="46" bec="0" bev="0" fileid="4" />
                <SequencePoint vc="1" uspid="121" ordinal="8" offset="116" sl="88" sc="13" el="88" ec="27" bec="0" bev="0" fileid="4" />
                <SequencePoint vc="1" uspid="122" ordinal="9" offset="124" sl="89" sc="13" el="89" ec="83" bec="0" bev="0" fileid="4" />
                <SequencePoint vc="1" uspid="123" ordinal="10" offset="137" sl="90" sc="13" el="90" ec="69" bec="0" bev="0" fileid="4" />
                <SequencePoint vc="1" uspid="124" ordinal="11" offset="155" sl="91" sc="9" el="91" ec="10" bec="0" bev="0" fileid="4" />
              </SequencePoints>
              <BranchPoints />
              <MethodPoint xsi:type="SequencePoint" vc="1" uspid="113" ordinal="0" offset="0" sl="80" sc="9" el="80" ec="10" bec="0" bev="0" fileid="4" />
            </Method>
            <Method visited="true" cyclomaticComplexity="1" nPathComplexity="0" sequenceCoverage="100" branchCoverage="100" crapScore="1" isConstructor="false" isStatic="false" isGetter="false" isSetter="false">
              <Summary numSequencePoints="5" visitedSequencePoints="5" numBranchPoints="1" visitedBranchPoints="1" sequenceCoverage="100" branchCoverage="100" maxCyclomaticComplexity="1" minCyclomaticComplexity="1" maxCrapScore="1" minCrapScore="1" visitedClasses="0" numClasses="0" visitedMethods="1" numMethods="1" />
              <MetadataToken>100663322</MetadataToken>
              <Name>System.Void Library109590004.Tests.BorrowedItemTests::TestSetIncreaseBorrowedBookAmount()</Name>
              <FileRef uid="4" />
              <SequencePoints>
                <SequencePoint vc="1" uspid="125" ordinal="0" offset="0" sl="96" sc="9" el="96" ec="10" bec="0" bev="0" fileid="4" />
                <SequencePoint vc="1" uspid="126" ordinal="1" offset="1" sl="97" sc="13" el="97" ec="62" bec="0" bev="0" fileid="4" />
                <SequencePoint vc="1" uspid="127" ordinal="2" offset="19" sl="98" sc="13" el="98" ec="60" bec="0" bev="0" fileid="4" />
                <SequencePoint vc="1" uspid="128" ordinal="3" offset="32" sl="99" sc="13" el="99" ec="62" bec="0" bev="0" fileid="4" />
                <SequencePoint vc="1" uspid="129" ordinal="4" offset="50" sl="100" sc="9" el="100" ec="10" bec="0" bev="0" fileid="4" />
              </SequencePoints>
              <BranchPoints />
              <MethodPoint xsi:type="SequencePoint" vc="1" uspid="125" ordinal="0" offset="0" sl="96" sc="9" el="96" ec="10" bec="0" bev="0" fileid="4" />
            </Method>
            <Method visited="true" cyclomaticComplexity="1" nPathComplexity="0" sequenceCoverage="100" branchCoverage="100" crapScore="1" isConstructor="false" isStatic="false" isGetter="false" isSetter="false">
              <Summary numSequencePoints="4" visitedSequencePoints="4" numBranchPoints="1" visitedBranchPoints="1" sequenceCoverage="100" branchCoverage="100" maxCyclomaticComplexity="1" minCyclomaticComplexity="1" maxCrapScore="1" minCrapScore="1" visitedClasses="0" numClasses="0" visitedMethods="1" numMethods="1" />
              <MetadataToken>100663323</MetadataToken>
              <Name>System.Void Library109590004.Tests.BorrowedItemTests::SetMinusBorrowedAmountTest()</Name>
              <FileRef uid="4" />
              <SequencePoints>
                <SequencePoint vc="1" uspid="130" ordinal="0" offset="0" sl="105" sc="9" el="105" ec="10" bec="0" bev="0" fileid="4" />
                <SequencePoint vc="1" uspid="131" ordinal="1" offset="1" sl="106" sc="13" el="106" ec="53" bec="0" bev="0" fileid="4" />
                <SequencePoint vc="1" uspid="132" ordinal="2" offset="14" sl="107" sc="13" el="107" ec="62" bec="0" bev="0" fileid="4" />
                <SequencePoint vc="1" uspid="133" ordinal="3" offset="32" sl="108" sc="9" el="108" ec="10" bec="0" bev="0" fileid="4" />
              </SequencePoints>
              <BranchPoints />
              <MethodPoint xsi:type="SequencePoint" vc="1" uspid="130" ordinal="0" offset="0" sl="105" sc="9" el="105" ec="10" bec="0" bev="0" fileid="4" />
            </Method>
            <Method visited="true" cyclomaticComplexity="1" nPathComplexity="0" sequenceCoverage="100" branchCoverage="100" crapScore="1" isConstructor="false" isStatic="false" isGetter="false" isSetter="false">
              <Summary numSequencePoints="4" visitedSequencePoints="4" numBranchPoints="1" visitedBranchPoints="1" sequenceCoverage="100" branchCoverage="100" maxCyclomaticComplexity="1" minCyclomaticComplexity="1" maxCrapScore="1" minCrapScore="1" visitedClasses="0" numClasses="0" visitedMethods="1" numMethods="1" />
              <MetadataToken>100663324</MetadataToken>
              <Name>System.Void Library109590004.Tests.BorrowedItemTests::GetBorrowedItemCellsTest()</Name>
              <FileRef uid="4" />
              <SequencePoints>
                <SequencePoint vc="1" uspid="134" ordinal="0" offset="0" sl="113" sc="9" el="113" ec="10" bec="0" bev="0" fileid="4" />
                <SequencePoint vc="1" uspid="135" ordinal="1" offset="1" sl="114" sc="13" el="114" ec="139" bec="0" bev="0" fileid="4" />
                <SequencePoint vc="1" uspid="136" ordinal="2" offset="85" sl="115" sc="13" el="115" ec="98" bec="0" bev="0" fileid="4" />
                <SequencePoint vc="1" uspid="137" ordinal="3" offset="103" sl="116" sc="9" el="116" ec="10" bec="0" bev="0" fileid="4" />
              </SequencePoints>
              <BranchPoints />
              <MethodPoint xsi:type="SequencePoint" vc="1" uspid="134" ordinal="0" offset="0" sl="113" sc="9" el="113" ec="10" bec="0" bev="0" fileid="4" />
            </Method>
            <Method visited="false" cyclomaticComplexity="1" nPathComplexity="0" sequenceCoverage="0" branchCoverage="0" crapScore="2" isConstructor="true" isStatic="false" isGetter="false" isSetter="false">
              <Summary numSequencePoints="0" visitedSequencePoints="0" numBranchPoints="0" visitedBranchPoints="0" sequenceCoverage="0" branchCoverage="0" maxCyclomaticComplexity="1" minCyclomaticComplexity="1" maxCrapScore="2" minCrapScore="2" visitedClasses="0" numClasses="0" visitedMethods="0" numMethods="0" />
              <MetadataToken>100663325</MetadataToken>
              <Name>System.Void Library109590004.Tests.BorrowedItemTests::.ctor()</Name>
              <SequencePoints />
              <BranchPoints />
              <MethodPoint vc="0" uspid="138" ordinal="0" offset="0" />
            </Method>
          </Methods>
        </Class>
        <Class>
          <Summary numSequencePoints="105" visitedSequencePoints="105" numBranchPoints="12" visitedBranchPoints="12" sequenceCoverage="100" branchCoverage="100" maxCyclomaticComplexity="1" minCyclomaticComplexity="1" maxCrapScore="2" minCrapScore="1" visitedClasses="1" numClasses="1" visitedMethods="12" numMethods="12" />
          <FullName>Library109590004.Tests.BorrowedListTests</FullName>
          <Methods>
            <Method visited="true" cyclomaticComplexity="1" nPathComplexity="0" sequenceCoverage="100" branchCoverage="100" crapScore="1" isConstructor="false" isStatic="false" isGetter="false" isSetter="false">
              <Summary numSequencePoints="3" visitedSequencePoints="3" numBranchPoints="1" visitedBranchPoints="1" sequenceCoverage="100" branchCoverage="100" maxCyclomaticComplexity="1" minCyclomaticComplexity="1" maxCrapScore="1" minCrapScore="1" visitedClasses="0" numClasses="0" visitedMethods="1" numMethods="1" />
              <MetadataToken>100663326</MetadataToken>
              <Name>System.Void Library109590004.Tests.BorrowedListTests::Initialize()</Name>
              <FileRef uid="5" />
              <SequencePoints>
                <SequencePoint vc="11" uspid="139" ordinal="0" offset="0" sl="19" sc="9" el="19" ec="10" bec="0" bev="0" fileid="5" />
                <SequencePoint vc="11" uspid="140" ordinal="1" offset="1" sl="20" sc="13" el="20" ec="48" bec="0" bev="0" fileid="5" />
                <SequencePoint vc="11" uspid="141" ordinal="2" offset="12" sl="21" sc="9" el="21" ec="10" bec="0" bev="0" fileid="5" />
              </SequencePoints>
              <BranchPoints />
              <MethodPoint xsi:type="SequencePoint" vc="11" uspid="139" ordinal="0" offset="0" sl="19" sc="9" el="19" ec="10" bec="0" bev="0" fileid="5" />
            </Method>
            <Method visited="true" cyclomaticComplexity="1" nPathComplexity="0" sequenceCoverage="100" branchCoverage="100" crapScore="1" isConstructor="false" isStatic="false" isGetter="false" isSetter="false">
              <Summary numSequencePoints="11" visitedSequencePoints="11" numBranchPoints="1" visitedBranchPoints="1" sequenceCoverage="100" branchCoverage="100" maxCyclomaticComplexity="1" minCyclomaticComplexity="1" maxCrapScore="1" minCrapScore="1" visitedClasses="0" numClasses="0" visitedMethods="1" numMethods="1" />
              <MetadataToken>100663327</MetadataToken>
              <Name>System.Void Library109590004.Tests.BorrowedListTests::TestAdd()</Name>
              <FileRef uid="5" />
              <SequencePoints>
                <SequencePoint vc="1" uspid="142" ordinal="0" offset="0" sl="25" sc="9" el="25" ec="10" bec="0" bev="0" fileid="5" />
                <SequencePoint vc="1" uspid="143" ordinal="1" offset="1" sl="26" sc="13" el="26" ec="54" bec="0" bev="0" fileid="5" />
                <SequencePoint vc="1" uspid="144" ordinal="2" offset="27" sl="27" sc="13" el="27" ec="44" bec="0" bev="0" fileid="5" />
                <SequencePoint vc="1" uspid="145" ordinal="3" offset="39" sl="28" sc="13" el="28" ec="26" bec="0" bev="0" fileid="5" />
                <SequencePoint vc="1" uspid="146" ordinal="4" offset="47" sl="29" sc="13" el="29" ec="97" bec="0" bev="0" fileid="5" />
                <SequencePoint vc="1" uspid="147" ordinal="5" offset="65" sl="30" sc="13" el="30" ec="45" bec="0" bev="0" fileid="5" />
                <SequencePoint vc="1" uspid="148" ordinal="6" offset="78" sl="31" sc="13" el="31" ec="77" bec="0" bev="0" fileid="5" />
                <SequencePoint vc="1" uspid="149" ordinal="7" offset="97" sl="32" sc="13" el="32" ec="98" bec="0" bev="0" fileid="5" />
                <SequencePoint vc="1" uspid="150" ordinal="8" offset="115" sl="33" sc="13" el="33" ec="46" bec="0" bev="0" fileid="5" />
                <SequencePoint vc="1" uspid="151" ordinal="9" offset="128" sl="34" sc="13" el="34" ec="77" bec="0" bev="0" fileid="5" />
                <SequencePoint vc="1" uspid="152" ordinal="10" offset="147" sl="35" sc="9" el="35" ec="10" bec="0" bev="0" fileid="5" />
              </SequencePoints>
              <BranchPoints />
              <MethodPoint xsi:type="SequencePoint" vc="1" uspid="142" ordinal="0" offset="0" sl="25" sc="9" el="25" ec="10" bec="0" bev="0" fileid="5" />
            </Method>
            <Method visited="true" cyclomaticComplexity="1" nPathComplexity="0" sequenceCoverage="100" branchCoverage="100" crapScore="1" isConstructor="false" isStatic="false" isGetter="false" isSetter="false">
              <Summary numSequencePoints="9" visitedSequencePoints="9" numBranchPoints="1" visitedBranchPoints="1" sequenceCoverage="100" branchCoverage="100" maxCyclomaticComplexity="1" minCyclomaticComplexity="1" maxCrapScore="1" minCrapScore="1" visitedClasses="0" numClasses="0" visitedMethods="1" numMethods="1" />
              <MetadataToken>100663328</MetadataToken>
              <Name>System.Void Library109590004.Tests.BorrowedListTests::TestGetBorrowedItem()</Name>
              <FileRef uid="5" />
              <SequencePoints>
                <SequencePoint vc="1" uspid="153" ordinal="0" offset="0" sl="39" sc="9" el="39" ec="10" bec="0" bev="0" fileid="5" />
                <SequencePoint vc="1" uspid="154" ordinal="1" offset="1" sl="40" sc="13" el="40" ec="54" bec="0" bev="0" fileid="5" />
                <SequencePoint vc="1" uspid="155" ordinal="2" offset="27" sl="41" sc="13" el="41" ec="44" bec="0" bev="0" fileid="5" />
                <SequencePoint vc="1" uspid="156" ordinal="3" offset="39" sl="42" sc="13" el="42" ec="26" bec="0" bev="0" fileid="5" />
                <SequencePoint vc="1" uspid="157" ordinal="4" offset="47" sl="43" sc="13" el="43" ec="97" bec="0" bev="0" fileid="5" />
                <SequencePoint vc="1" uspid="158" ordinal="5" offset="65" sl="44" sc="13" el="44" ec="45" bec="0" bev="0" fileid="5" />
                <SequencePoint vc="1" uspid="159" ordinal="6" offset="78" sl="45" sc="13" el="45" ec="75" bec="0" bev="0" fileid="5" />
                <SequencePoint vc="1" uspid="160" ordinal="7" offset="91" sl="46" sc="13" el="46" ec="85" bec="0" bev="0" fileid="5" />
                <SequencePoint vc="1" uspid="161" ordinal="8" offset="110" sl="47" sc="9" el="47" ec="10" bec="0" bev="0" fileid="5" />
              </SequencePoints>
              <BranchPoints />
              <MethodPoint xsi:type="SequencePoint" vc="1" uspid="153" ordinal="0" offset="0" sl="39" sc="9" el="39" ec="10" bec="0" bev="0" fileid="5" />
            </Method>
            <Method visited="true" cyclomaticComplexity="1" nPathComplexity="0" sequenceCoverage="100" branchCoverage="100" crapScore="1" isConstructor="false" isStatic="false" isGetter="false" isSetter="false">
              <Summary numSequencePoints="9" visitedSequencePoints="9" numBranchPoints="1" visitedBranchPoints="1" sequenceCoverage="100" branchCoverage="100" maxCyclomaticComplexity="1" minCyclomaticComplexity="1" maxCrapScore="1" minCrapScore="1" visitedClasses="0" numClasses="0" visitedMethods="1" numMethods="1" />
              <MetadataToken>100663329</MetadataToken>
              <Name>System.Void Library109590004.Tests.BorrowedListTests::TestIsSameBookTag()</Name>
              <FileRef uid="5" />
              <SequencePoints>
                <SequencePoint vc="1" uspid="162" ordinal="0" offset="0" sl="51" sc="9" el="51" ec="10" bec="0" bev="0" fileid="5" />
                <SequencePoint vc="1" uspid="163" ordinal="1" offset="1" sl="52" sc="13" el="52" ec="86" bec="0" bev="0" fileid="5" />
                <SequencePoint vc="1" uspid="164" ordinal="2" offset="27" sl="53" sc="13" el="53" ec="49" bec="0" bev="0" fileid="5" />
                <SequencePoint vc="1" uspid="165" ordinal="3" offset="39" sl="54" sc="13" el="54" ec="26" bec="0" bev="0" fileid="5" />
                <SequencePoint vc="1" uspid="166" ordinal="4" offset="47" sl="55" sc="13" el="55" ec="97" bec="0" bev="0" fileid="5" />
                <SequencePoint vc="1" uspid="167" ordinal="5" offset="65" sl="56" sc="13" el="56" ec="45" bec="0" bev="0" fileid="5" />
                <SequencePoint vc="1" uspid="168" ordinal="6" offset="78" sl="57" sc="13" el="57" ec="75" bec="0" bev="0" fileid="5" />
                <SequencePoint vc="1" uspid="169" ordinal="7" offset="91" sl="58" sc="13" el="58" ec="85" bec="0" bev="0" fileid="5" />
                <SequencePoint vc="1" uspid="170" ordinal="8" offset="110" sl="59" sc="9" el="59" ec="10" bec="0" bev="0" fileid="5" />
              </SequencePoints>
              <BranchPoints />
              <MethodPoint xsi:type="SequencePoint" vc="1" uspid="162" ordinal="0" offset="0" sl="51" sc="9" el="51" ec="10" bec="0" bev="0" fileid="5" />
            </Method>
            <Method visited="true" cyclomaticComplexity="1" nPathComplexity="0" sequenceCoverage="100" branchCoverage="100" crapScore="1" isConstructor="false" isStatic="false" isGetter="false" isSetter="false">
              <Summary numSequencePoints="8" visitedSequencePoints="8" numBranchPoints="1" visitedBranchPoints="1" sequenceCoverage="100" branchCoverage="100" maxCyclomaticComplexity="1" minCyclomaticComplexity="1" maxCrapScore="1" minCrapScore="1" visitedClasses="0" numClasses="0" visitedMethods="1" numMethods="1" />
              <MetadataToken>100663330</MetadataToken>
              <Name>System.Void Library109590004.Tests.BorrowedListTests::TestGetBorrowedAmount()</Name>
              <FileRef uid="5" />
              <SequencePoints>
                <SequencePoint vc="1" uspid="171" ordinal="0" offset="0" sl="63" sc="9" el="63" ec="10" bec="0" bev="0" fileid="5" />
                <SequencePoint vc="1" uspid="172" ordinal="1" offset="1" sl="64" sc="13" el="64" ec="77" bec="0" bev="0" fileid="5" />
                <SequencePoint vc="1" uspid="173" ordinal="2" offset="27" sl="65" sc="13" el="65" ec="45" bec="0" bev="0" fileid="5" />
                <SequencePoint vc="1" uspid="174" ordinal="3" offset="39" sl="66" sc="13" el="66" ec="26" bec="0" bev="0" fileid="5" />
                <SequencePoint vc="1" uspid="175" ordinal="4" offset="47" sl="67" sc="13" el="67" ec="97" bec="0" bev="0" fileid="5" />
                <SequencePoint vc="1" uspid="176" ordinal="5" offset="65" sl="68" sc="13" el="68" ec="45" bec="0" bev="0" fileid="5" />
                <SequencePoint vc="1" uspid="177" ordinal="6" offset="78" sl="69" sc="13" el="69" ec="79" bec="0" bev="0" fileid="5" />
                <SequencePoint vc="1" uspid="178" ordinal="7" offset="97" sl="70" sc="9" el="70" ec="10" bec="0" bev="0" fileid="5" />
              </SequencePoints>
              <BranchPoints />
              <MethodPoint xsi:type="SequencePoint" vc="1" uspid="171" ordinal="0" offset="0" sl="63" sc="9" el="63" ec="10" bec="0" bev="0" fileid="5" />
            </Method>
            <Method visited="true" cyclomaticComplexity="1" nPathComplexity="0" sequenceCoverage="100" branchCoverage="100" crapScore="1" isConstructor="false" isStatic="false" isGetter="false" isSetter="false">
              <Summary numSequencePoints="9" visitedSequencePoints="9" numBranchPoints="1" visitedBranchPoints="1" sequenceCoverage="100" branchCoverage="100" maxCyclomaticComplexity="1" minCyclomaticComplexity="1" maxCrapScore="1" minCrapScore="1" visitedClasses="0" numClasses="0" visitedMethods="1" numMethods="1" />
              <MetadataToken>100663331</MetadataToken>
              <Name>System.Void Library109590004.Tests.BorrowedListTests::TestReduceBorrowedAmountByIndex()</Name>
              <FileRef uid="5" />
              <SequencePoints>
                <SequencePoint vc="1" uspid="179" ordinal="0" offset="0" sl="74" sc="9" el="74" ec="10" bec="0" bev="0" fileid="5" />
                <SequencePoint vc="1" uspid="180" ordinal="1" offset="1" sl="75" sc="13" el="75" ec="66" bec="0" bev="0" fileid="5" />
                <SequencePoint vc="1" uspid="181" ordinal="2" offset="27" sl="76" sc="13" el="76" ec="44" bec="0" bev="0" fileid="5" />
                <SequencePoint vc="1" uspid="182" ordinal="3" offset="39" sl="77" sc="13" el="77" ec="26" bec="0" bev="0" fileid="5" />
                <SequencePoint vc="1" uspid="183" ordinal="4" offset="47" sl="78" sc="13" el="78" ec="97" bec="0" bev="0" fileid="5" />
                <SequencePoint vc="1" uspid="184" ordinal="5" offset="66" sl="79" sc="13" el="79" ec="45" bec="0" bev="0" fileid="5" />
                <SequencePoint vc="1" uspid="185" ordinal="6" offset="79" sl="80" sc="13" el="80" ec="61" bec="0" bev="0" fileid="5" />
                <SequencePoint vc="1" uspid="186" ordinal="7" offset="93" sl="81" sc="13" el="81" ec="79" bec="0" bev="0" fileid="5" />
                <SequencePoint vc="1" uspid="187" ordinal="8" offset="112" sl="82" sc="9" el="82" ec="10" bec="0" bev="0" fileid="5" />
              </SequencePoints>
              <BranchPoints />
              <MethodPoint xsi:type="SequencePoint" vc="1" uspid="179" ordinal="0" offset="0" sl="74" sc="9" el="74" ec="10" bec="0" bev="0" fileid="5" />
            </Method>
            <Method visited="true" cyclomaticComplexity="1" nPathComplexity="0" sequenceCoverage="100" branchCoverage="100" crapScore="1" isConstructor="false" isStatic="false" isGetter="false" isSetter="false">
              <Summary numSequencePoints="15" visitedSequencePoints="15" numBranchPoints="1" visitedBranchPoints="1" sequenceCoverage="100" branchCoverage="100" maxCyclomaticComplexity="1" minCyclomaticComplexity="1" maxCrapScore="1" minCrapScore="1" visitedClasses="0" numClasses="0" visitedMethods="1" numMethods="1" />
              <MetadataToken>100663332</MetadataToken>
              <Name>System.Void Library109590004.Tests.BorrowedListTests::TestRemove()</Name>
              <FileRef uid="5" />
              <SequencePoints>
                <SequencePoint vc="1" uspid="188" ordinal="0" offset="0" sl="86" sc="9" el="86" ec="10" bec="0" bev="0" fileid="5" />
                <SequencePoint vc="1" uspid="189" ordinal="1" offset="1" sl="87" sc="13" el="87" ec="66" bec="0" bev="0" fileid="5" />
                <SequencePoint vc="1" uspid="190" ordinal="2" offset="27" sl="88" sc="13" el="88" ec="44" bec="0" bev="0" fileid="5" />
                <SequencePoint vc="1" uspid="191" ordinal="3" offset="39" sl="89" sc="13" el="89" ec="26" bec="0" bev="0" fileid="5" />
                <SequencePoint vc="1" uspid="192" ordinal="4" offset="47" sl="90" sc="13" el="90" ec="68" bec="0" bev="0" fileid="5" />
                <SequencePoint vc="1" uspid="193" ordinal="5" offset="73" sl="91" sc="13" el="91" ec="47" bec="0" bev="0" fileid="5" />
                <SequencePoint vc="1" uspid="194" ordinal="6" offset="85" sl="92" sc="13" el="92" ec="27" bec="0" bev="0" fileid="5" />
                <SequencePoint vc="1" uspid="195" ordinal="7" offset="93" sl="93" sc="13" el="93" ec="97" bec="0" bev="0" fileid="5" />
                <SequencePoint vc="1" uspid="196" ordinal="8" offset="112" sl="94" sc="13" el="94" ec="98" bec="0" bev="0" fileid="5" />
                <SequencePoint vc="1" uspid="197" ordinal="9" offset="130" sl="95" sc="13" el="95" ec="45" bec="0" bev="0" fileid="5" />
                <SequencePoint vc="1" uspid="198" ordinal="10" offset="143" sl="96" sc="13" el="96" ec="46" bec="0" bev="0" fileid="5" />
                <SequencePoint vc="1" uspid="199" ordinal="11" offset="156" sl="97" sc="13" el="97" ec="104" bec="0" bev="0" fileid="5" />
                <SequencePoint vc="1" uspid="200" ordinal="12" offset="186" sl="98" sc="13" el="98" ec="37" bec="0" bev="0" fileid="5" />
                <SequencePoint vc="1" uspid="201" ordinal="13" offset="199" sl="99" sc="13" el="99" ec="105" bec="0" bev="0" fileid="5" />
                <SequencePoint vc="1" uspid="202" ordinal="14" offset="229" sl="100" sc="9" el="100" ec="10" bec="0" bev="0" fileid="5" />
              </SequencePoints>
              <BranchPoints />
              <MethodPoint xsi:type="SequencePoint" vc="1" uspid="188" ordinal="0" offset="0" sl="86" sc="9" el="86" ec="10" bec="0" bev="0" fileid="5" />
            </Method>
            <Method visited="true" cyclomaticComplexity="1" nPathComplexity="0" sequenceCoverage="100" branchCoverage="100" crapScore="1" isConstructor="false" isStatic="false" isGetter="false" isSetter="false">
              <Summary numSequencePoints="9" visitedSequencePoints="9" numBranchPoints="1" visitedBranchPoints="1" sequenceCoverage="100" branchCoverage="100" maxCyclomaticComplexity="1" minCyclomaticComplexity="1" maxCrapScore="1" minCrapScore="1" visitedClasses="0" numClasses="0" visitedMethods="1" numMethods="1" />
              <MetadataToken>100663333</MetadataToken>
              <Name>System.Void Library109590004.Tests.BorrowedListTests::TestGetBorrowedItemCells()</Name>
              <FileRef uid="5" />
              <SequencePoints>
                <SequencePoint vc="1" uspid="203" ordinal="0" offset="0" sl="104" sc="9" el="104" ec="10" bec="0" bev="0" fileid="5" />
                <SequencePoint vc="1" uspid="204" ordinal="1" offset="1" sl="105" sc="13" el="105" ec="139" bec="0" bev="0" fileid="5" />
                <SequencePoint vc="1" uspid="205" ordinal="2" offset="85" sl="106" sc="13" el="106" ec="60" bec="0" bev="0" fileid="5" />
                <SequencePoint vc="1" uspid="206" ordinal="3" offset="111" sl="107" sc="13" el="107" ec="45" bec="0" bev="0" fileid="5" />
                <SequencePoint vc="1" uspid="207" ordinal="4" offset="123" sl="108" sc="13" el="108" ec="26" bec="0" bev="0" fileid="5" />
                <SequencePoint vc="1" uspid="208" ordinal="5" offset="131" sl="109" sc="13" el="109" ec="97" bec="0" bev="0" fileid="5" />
                <SequencePoint vc="1" uspid="209" ordinal="6" offset="149" sl="110" sc="13" el="110" ec="45" bec="0" bev="0" fileid="5" />
                <SequencePoint vc="1" uspid="210" ordinal="7" offset="162" sl="111" sc="13" el="111" ec="99" bec="0" bev="0" fileid="5" />
                <SequencePoint vc="1" uspid="211" ordinal="8" offset="181" sl="112" sc="9" el="112" ec="10" bec="0" bev="0" fileid="5" />
              </SequencePoints>
              <BranchPoints />
              <MethodPoint xsi:type="SequencePoint" vc="1" uspid="203" ordinal="0" offset="0" sl="104" sc="9" el="104" ec="10" bec="0" bev="0" fileid="5" />
            </Method>
            <Method visited="true" cyclomaticComplexity="1" nPathComplexity="0" sequenceCoverage="100" branchCoverage="100" crapScore="1" isConstructor="false" isStatic="false" isGetter="false" isSetter="false">
              <Summary numSequencePoints="8" visitedSequencePoints="8" numBranchPoints="1" visitedBranchPoints="1" sequenceCoverage="100" branchCoverage="100" maxCyclomaticComplexity="1" minCyclomaticComplexity="1" maxCrapScore="1" minCrapScore="1" visitedClasses="0" numClasses="0" visitedMethods="1" numMethods="1" />
              <MetadataToken>100663334</MetadataToken>
              <Name>System.Void Library109590004.Tests.BorrowedListTests::TestGetBorrowedDate()</Name>
              <FileRef uid="5" />
              <SequencePoints>
                <SequencePoint vc="1" uspid="212" ordinal="0" offset="0" sl="116" sc="9" el="116" ec="10" bec="0" bev="0" fileid="5" />
                <SequencePoint vc="1" uspid="213" ordinal="1" offset="1" sl="117" sc="13" el="117" ec="86" bec="0" bev="0" fileid="5" />
                <SequencePoint vc="1" uspid="214" ordinal="2" offset="27" sl="118" sc="13" el="118" ec="49" bec="0" bev="0" fileid="5" />
                <SequencePoint vc="1" uspid="215" ordinal="3" offset="39" sl="119" sc="13" el="119" ec="26" bec="0" bev="0" fileid="5" />
                <SequencePoint vc="1" uspid="216" ordinal="4" offset="47" sl="120" sc="13" el="120" ec="97" bec="0" bev="0" fileid="5" />
                <SequencePoint vc="1" uspid="217" ordinal="5" offset="65" sl="121" sc="13" el="121" ec="45" bec="0" bev="0" fileid="5" />
                <SequencePoint vc="1" uspid="218" ordinal="6" offset="78" sl="122" sc="13" el="122" ec="77" bec="0" bev="0" fileid="5" />
                <SequencePoint vc="1" uspid="219" ordinal="7" offset="101" sl="123" sc="9" el="123" ec="10" bec="0" bev="0" fileid="5" />
              </SequencePoints>
              <BranchPoints />
              <MethodPoint xsi:type="SequencePoint" vc="1" uspid="212" ordinal="0" offset="0" sl="116" sc="9" el="116" ec="10" bec="0" bev="0" fileid="5" />
            </Method>
            <Method visited="true" cyclomaticComplexity="1" nPathComplexity="0" sequenceCoverage="100" branchCoverage="100" crapScore="1" isConstructor="false" isStatic="false" isGetter="false" isSetter="false">
              <Summary numSequencePoints="8" visitedSequencePoints="8" numBranchPoints="1" visitedBranchPoints="1" sequenceCoverage="100" branchCoverage="100" maxCyclomaticComplexity="1" minCyclomaticComplexity="1" maxCrapScore="1" minCrapScore="1" visitedClasses="0" numClasses="0" visitedMethods="1" numMethods="1" />
              <MetadataToken>100663335</MetadataToken>
              <Name>System.Void Library109590004.Tests.BorrowedListTests::TestGetLatestReturnDate()</Name>
              <FileRef uid="5" />
              <SequencePoints>
                <SequencePoint vc="1" uspid="220" ordinal="0" offset="0" sl="127" sc="9" el="127" ec="10" bec="0" bev="0" fileid="5" />
                <SequencePoint vc="1" uspid="221" ordinal="1" offset="1" sl="128" sc="13" el="128" ec="76" bec="0" bev="0" fileid="5" />
                <SequencePoint vc="1" uspid="222" ordinal="2" offset="27" sl="129" sc="13" el="129" ec="71" bec="0" bev="0" fileid="5" />
                <SequencePoint vc="1" uspid="223" ordinal="3" offset="39" sl="130" sc="13" el="130" ec="26" bec="0" bev="0" fileid="5" />
                <SequencePoint vc="1" uspid="224" ordinal="4" offset="47" sl="131" sc="13" el="131" ec="97" bec="0" bev="0" fileid="5" />
                <SequencePoint vc="1" uspid="225" ordinal="5" offset="65" sl="132" sc="13" el="132" ec="45" bec="0" bev="0" fileid="5" />
                <SequencePoint vc="1" uspid="226" ordinal="6" offset="78" sl="133" sc="13" el="133" ec="81" bec="0" bev="0" fileid="5" />
                <SequencePoint vc="1" uspid="227" ordinal="7" offset="101" sl="134" sc="9" el="134" ec="10" bec="0" bev="0" fileid="5" />
              </SequencePoints>
              <BranchPoints />
              <MethodPoint xsi:type="SequencePoint" vc="1" uspid="220" ordinal="0" offset="0" sl="127" sc="9" el="127" ec="10" bec="0" bev="0" fileid="5" />
            </Method>
            <Method visited="true" cyclomaticComplexity="1" nPathComplexity="0" sequenceCoverage="100" branchCoverage="100" crapScore="1" isConstructor="false" isStatic="false" isGetter="false" isSetter="false">
              <Summary numSequencePoints="8" visitedSequencePoints="8" numBranchPoints="1" visitedBranchPoints="1" sequenceCoverage="100" branchCoverage="100" maxCyclomaticComplexity="1" minCyclomaticComplexity="1" maxCrapScore="1" minCrapScore="1" visitedClasses="0" numClasses="0" visitedMethods="1" numMethods="1" />
              <MetadataToken>100663336</MetadataToken>
              <Name>System.Void Library109590004.Tests.BorrowedListTests::TestGetBorrowedItemAmountByTag()</Name>
              <FileRef uid="5" />
              <SequencePoints>
                <SequencePoint vc="1" uspid="228" ordinal="0" offset="0" sl="138" sc="9" el="138" ec="10" bec="0" bev="0" fileid="5" />
                <SequencePoint vc="1" uspid="229" ordinal="1" offset="1" sl="139" sc="13" el="139" ec="60" bec="0" bev="0" fileid="5" />
                <SequencePoint vc="1" uspid="230" ordinal="2" offset="27" sl="140" sc="13" el="140" ec="45" bec="0" bev="0" fileid="5" />
                <SequencePoint vc="1" uspid="231" ordinal="3" offset="39" sl="141" sc="13" el="141" ec="26" bec="0" bev="0" fileid="5" />
                <SequencePoint vc="1" uspid="232" ordinal="4" offset="47" sl="142" sc="13" el="142" ec="96" bec="0" bev="0" fileid="5" />
                <SequencePoint vc="1" uspid="233" ordinal="5" offset="65" sl="143" sc="13" el="143" ec="45" bec="0" bev="0" fileid="5" />
                <SequencePoint vc="1" uspid="234" ordinal="6" offset="78" sl="144" sc="13" el="144" ec="77" bec="0" bev="0" fileid="5" />
                <SequencePoint vc="1" uspid="235" ordinal="7" offset="97" sl="145" sc="9" el="145" ec="10" bec="0" bev="0" fileid="5" />
              </SequencePoints>
              <BranchPoints />
              <MethodPoint xsi:type="SequencePoint" vc="1" uspid="228" ordinal="0" offset="0" sl="138" sc="9" el="138" ec="10" bec="0" bev="0" fileid="5" />
            </Method>
            <Method visited="true" cyclomaticComplexity="1" nPathComplexity="0" sequenceCoverage="100" branchCoverage="100" crapScore="1" isConstructor="false" isStatic="false" isGetter="false" isSetter="false">
              <Summary numSequencePoints="8" visitedSequencePoints="8" numBranchPoints="1" visitedBranchPoints="1" sequenceCoverage="100" branchCoverage="100" maxCyclomaticComplexity="1" minCyclomaticComplexity="1" maxCrapScore="1" minCrapScore="1" visitedClasses="0" numClasses="0" visitedMethods="1" numMethods="1" />
              <MetadataToken>100663337</MetadataToken>
              <Name>System.Void Library109590004.Tests.BorrowedListTests::TestGetBorrowedListTagByIndex()</Name>
              <FileRef uid="5" />
              <SequencePoints>
                <SequencePoint vc="1" uspid="236" ordinal="0" offset="0" sl="149" sc="9" el="149" ec="10" bec="0" bev="0" fileid="5" />
                <SequencePoint vc="1" uspid="237" ordinal="1" offset="1" sl="150" sc="13" el="150" ec="60" bec="0" bev="0" fileid="5" />
                <SequencePoint vc="1" uspid="238" ordinal="2" offset="27" sl="151" sc="13" el="151" ec="45" bec="0" bev="0" fileid="5" />
                <SequencePoint vc="1" uspid="239" ordinal="3" offset="39" sl="152" sc="13" el="152" ec="27" bec="0" bev="0" fileid="5" />
                <SequencePoint vc="1" uspid="240" ordinal="4" offset="48" sl="153" sc="13" el="153" ec="96" bec="0" bev="0" fileid="5" />
                <SequencePoint vc="1" uspid="241" ordinal="5" offset="66" sl="154" sc="13" el="154" ec="45" bec="0" bev="0" fileid="5" />
                <SequencePoint vc="1" uspid="242" ordinal="6" offset="79" sl="155" sc="13" el="155" ec="77" bec="0" bev="0" fileid="5" />
                <SequencePoint vc="1" uspid="243" ordinal="7" offset="99" sl="156" sc="9" el="156" ec="10" bec="0" bev="0" fileid="5" />
              </SequencePoints>
              <BranchPoints />
              <MethodPoint xsi:type="SequencePoint" vc="1" uspid="236" ordinal="0" offset="0" sl="149" sc="9" el="149" ec="10" bec="0" bev="0" fileid="5" />
            </Method>
            <Method visited="false" cyclomaticComplexity="1" nPathComplexity="0" sequenceCoverage="0" branchCoverage="0" crapScore="2" isConstructor="true" isStatic="false" isGetter="false" isSetter="false">
              <Summary numSequencePoints="0" visitedSequencePoints="0" numBranchPoints="0" visitedBranchPoints="0" sequenceCoverage="0" branchCoverage="0" maxCyclomaticComplexity="1" minCyclomaticComplexity="1" maxCrapScore="2" minCrapScore="2" visitedClasses="0" numClasses="0" visitedMethods="0" numMethods="0" />
              <MetadataToken>100663338</MetadataToken>
              <Name>System.Void Library109590004.Tests.BorrowedListTests::.ctor()</Name>
              <SequencePoints />
              <BranchPoints />
              <MethodPoint vc="0" uspid="244" ordinal="0" offset="0" />
            </Method>
          </Methods>
        </Class>
        <Class>
          <Summary numSequencePoints="69" visitedSequencePoints="69" numBranchPoints="11" visitedBranchPoints="11" sequenceCoverage="100" branchCoverage="100" maxCyclomaticComplexity="1" minCyclomaticComplexity="1" maxCrapScore="2" minCrapScore="1" visitedClasses="1" numClasses="1" visitedMethods="11" numMethods="11" />
          <FullName>Library109590004.Tests.BorrowingListTests</FullName>
          <Methods>
            <Method visited="true" cyclomaticComplexity="1" nPathComplexity="0" sequenceCoverage="100" branchCoverage="100" crapScore="1" isConstructor="false" isStatic="false" isGetter="false" isSetter="false">
              <Summary numSequencePoints="3" visitedSequencePoints="3" numBranchPoints="1" visitedBranchPoints="1" sequenceCoverage="100" branchCoverage="100" maxCyclomaticComplexity="1" minCyclomaticComplexity="1" maxCrapScore="1" minCrapScore="1" visitedClasses="0" numClasses="0" visitedMethods="1" numMethods="1" />
              <MetadataToken>100663339</MetadataToken>
              <Name>System.Void Library109590004.Tests.BorrowingListTests::Initialize()</Name>
              <FileRef uid="6" />
              <SequencePoints>
                <SequencePoint vc="10" uspid="245" ordinal="0" offset="0" sl="19" sc="9" el="19" ec="10" bec="0" bev="0" fileid="6" />
                <SequencePoint vc="10" uspid="246" ordinal="1" offset="1" sl="20" sc="13" el="20" ec="50" bec="0" bev="0" fileid="6" />
                <SequencePoint vc="10" uspid="247" ordinal="2" offset="12" sl="21" sc="9" el="21" ec="10" bec="0" bev="0" fileid="6" />
              </SequencePoints>
              <BranchPoints />
[...]
                <SequencePoint vc="0" uspid="3055" ordinal="26" offset="422" sl="66" sc="13" el="66" ec="76" bec="0" bev="0" fileid="46" />
                <SequencePoint vc="0" uspid="3056" ordinal="27" offset="443" sl="67" sc="13" el="67" ec="50" bec="0" bev="0" fileid="46" />
                <SequencePoint vc="0" uspid="3057" ordinal="28" offset="456" sl="68" sc="13" el="68" ec="52" bec="0" bev="0" fileid="46" />
                <SequencePoint vc="0" uspid="3058" ordinal="29" offset="473" sl="72" sc="13" el="72" ec="87" bec="0" bev="0" fileid="46" />
                <SequencePoint vc="0" uspid="3059" ordinal="30" offset="500" sl="73" sc="13" el="73" ec="89" bec="0" bev="0" fileid="46" />
                <SequencePoint vc="0" uspid="3060" ordinal="31" offset="524" sl="74" sc="13" el="74" ec="77" bec="0" bev="0" fileid="46" />
                <SequencePoint vc="0" uspid="3061" ordinal="32" offset="541" sl="75" sc="13" el="75" ec="82" bec="0" bev="0" fileid="46" />
                <SequencePoint vc="0" uspid="3062" ordinal="33" offset="562" sl="76" sc="13" el="76" ec="56" bec="0" bev="0" fileid="46" />
                <SequencePoint vc="0" uspid="3063" ordinal="34" offset="575" sl="77" sc="13" el="77" ec="123" bec="0" bev="0" fileid="46" />
                <SequencePoint vc="0" uspid="3064" ordinal="35" offset="599" sl="78" sc="13" el="78" ec="132" bec="0" bev="0" fileid="46" />
                <SequencePoint vc="0" uspid="3065" ordinal="36" offset="623" sl="82" sc="13" el="82" ec="89" bec="0" bev="0" fileid="46" />
                <SequencePoint vc="0" uspid="3066" ordinal="37" offset="640" sl="83" sc="13" el="83" ec="83" bec="0" bev="0" fileid="46" />
                <SequencePoint vc="0" uspid="3067" ordinal="38" offset="667" sl="84" sc="13" el="84" ec="84" bec="0" bev="0" fileid="46" />
                <SequencePoint vc="0" uspid="3068" ordinal="39" offset="691" sl="85" sc="13" el="85" ec="69" bec="0" bev="0" fileid="46" />
                <SequencePoint vc="0" uspid="3069" ordinal="40" offset="708" sl="86" sc="13" el="86" ec="79" bec="0" bev="0" fileid="46" />
                <SequencePoint vc="0" uspid="3070" ordinal="41" offset="732" sl="87" sc="13" el="87" ec="52" bec="0" bev="0" fileid="46" />
                <SequencePoint vc="0" uspid="3071" ordinal="42" offset="746" sl="88" sc="13" el="88" ec="51" bec="0" bev="0" fileid="46" />
                <SequencePoint vc="0" uspid="3072" ordinal="43" offset="763" sl="89" sc="13" el="89" ec="71" bec="0" bev="0" fileid="46" />
                <SequencePoint vc="0" uspid="3073" ordinal="44" offset="776" sl="90" sc="13" el="90" ec="103" bec="0" bev="0" fileid="46" />
                <SequencePoint vc="0" uspid="3074" ordinal="45" offset="800" sl="94" sc="13" el="94" ec="82" bec="0" bev="0" fileid="46" />
                <SequencePoint vc="0" uspid="3075" ordinal="46" offset="817" sl="95" sc="13" el="95" ec="82" bec="0" bev="0" fileid="46" />
                <SequencePoint vc="0" uspid="3076" ordinal="47" offset="844" sl="96" sc="13" el="96" ec="84" bec="0" bev="0" fileid="46" />
                <SequencePoint vc="0" uspid="3077" ordinal="48" offset="871" sl="97" sc="13" el="97" ec="67" bec="0" bev="0" fileid="46" />
                <SequencePoint vc="0" uspid="3078" ordinal="49" offset="888" sl="98" sc="13" el="98" ec="78" bec="0" bev="0" fileid="46" />
                <SequencePoint vc="0" uspid="3079" ordinal="50" offset="912" sl="99" sc="13" el="99" ec="52" bec="0" bev="0" fileid="46" />
                <SequencePoint vc="0" uspid="3080" ordinal="51" offset="926" sl="100" sc="13" el="100" ec="50" bec="0" bev="0" fileid="46" />
                <SequencePoint vc="0" uspid="3081" ordinal="52" offset="943" sl="101" sc="13" el="101" ec="70" bec="0" bev="0" fileid="46" />
                <SequencePoint vc="0" uspid="3082" ordinal="53" offset="956" sl="102" sc="13" el="102" ec="101" bec="0" bev="0" fileid="46" />
                <SequencePoint vc="0" uspid="3083" ordinal="54" offset="980" sl="106" sc="13" el="106" ec="74" bec="0" bev="0" fileid="46" />
                <SequencePoint vc="0" uspid="3084" ordinal="55" offset="1002" sl="107" sc="13" el="107" ec="74" bec="0" bev="0" fileid="46" />
                <SequencePoint vc="0" uspid="3085" ordinal="56" offset="1010" sl="108" sc="13" el="108" ec="65" bec="0" bev="0" fileid="46" />
                <SequencePoint vc="0" uspid="3086" ordinal="57" offset="1032" sl="109" sc="13" el="109" ec="57" bec="0" bev="0" fileid="46" />
                <SequencePoint vc="0" uspid="3087" ordinal="58" offset="1050" sl="110" sc="13" el="110" ec="58" bec="0" bev="0" fileid="46" />
                <SequencePoint vc="0" uspid="3088" ordinal="59" offset="1068" sl="111" sc="13" el="111" ec="62" bec="0" bev="0" fileid="46" />
                <SequencePoint vc="0" uspid="3089" ordinal="60" offset="1086" sl="112" sc="13" el="112" ec="56" bec="0" bev="0" fileid="46" />
                <SequencePoint vc="0" uspid="3090" ordinal="61" offset="1104" sl="113" sc="13" el="113" ec="62" bec="0" bev="0" fileid="46" />
                <SequencePoint vc="0" uspid="3091" ordinal="62" offset="1122" sl="114" sc="13" el="114" ec="58" bec="0" bev="0" fileid="46" />
                <SequencePoint vc="0" uspid="3092" ordinal="63" offset="1140" sl="115" sc="13" el="115" ec="38" bec="0" bev="0" fileid="46" />
                <SequencePoint vc="0" uspid="3093" ordinal="64" offset="1152" sl="116" sc="13" el="116" ec="38" bec="0" bev="0" fileid="46" />
                <SequencePoint vc="0" uspid="3094" ordinal="65" offset="1164" sl="117" sc="13" el="117" ec="38" bec="0" bev="0" fileid="46" />
                <SequencePoint vc="0" uspid="3095" ordinal="66" offset="1172" sl="118" sc="13" el="118" ec="34" bec="0" bev="0" fileid="46" />
                <SequencePoint vc="0" uspid="3096" ordinal="67" offset="1179" sl="120" sc="9" el="120" ec="10" bec="0" bev="0" fileid="46" />
              </SequencePoints>
              <BranchPoints />
              <MethodPoint xsi:type="SequencePoint" vc="0" uspid="3029" ordinal="0" offset="0" sl="31" sc="9" el="31" ec="10" bec="0" bev="0" fileid="46" />
            </Method>
          </Methods>
        </Class>
        <Class>
          <Summary numSequencePoints="30" visitedSequencePoints="0" numBranchPoints="9" visitedBranchPoints="0" sequenceCoverage="0" branchCoverage="0" maxCyclomaticComplexity="2" minCyclomaticComplexity="1" maxCrapScore="6" minCrapScore="2" visitedClasses="0" numClasses="1" visitedMethods="0" numMethods="7" />
          <FullName>Library109590004.SupplyPresentationModel</FullName>
          <Methods>
            <Method visited="false" cyclomaticComplexity="1" nPathComplexity="0" sequenceCoverage="0" branchCoverage="0" crapScore="2" isConstructor="false" isStatic="false" isGetter="true" isSetter="false">
              <Summary numSequencePoints="3" visitedSequencePoints="0" numBranchPoints="1" visitedBranchPoints="0" sequenceCoverage="0" branchCoverage="0" maxCyclomaticComplexity="1" minCyclomaticComplexity="1" maxCrapScore="2" minCrapScore="2" visitedClasses="0" numClasses="0" visitedMethods="0" numMethods="1" />
              <MetadataToken>100663605</MetadataToken>
              <Name>System.Boolean Library109590004.SupplyPresentationModel::get_IsConfirmEnabled()</Name>
              <FileRef uid="48" />
              <SequencePoints>
                <SequencePoint vc="0" uspid="3097" ordinal="0" offset="0" sl="47" sc="13" el="47" ec="14" bec="0" bev="0" fileid="48" />
                <SequencePoint vc="0" uspid="3098" ordinal="1" offset="1" sl="48" sc="17" el="48" ec="42" bec="0" bev="0" fileid="48" />
                <SequencePoint vc="0" uspid="3099" ordinal="2" offset="10" sl="49" sc="13" el="49" ec="14" bec="0" bev="0" fileid="48" />
              </SequencePoints>
              <BranchPoints />
              <MethodPoint xsi:type="SequencePoint" vc="0" uspid="3097" ordinal="0" offset="0" sl="47" sc="13" el="47" ec="14" bec="0" bev="0" fileid="48" />
            </Method>
            <Method visited="false" cyclomaticComplexity="1" nPathComplexity="0" sequenceCoverage="0" branchCoverage="0" crapScore="2" isConstructor="false" isStatic="false" isGetter="false" isSetter="true">
              <Summary numSequencePoints="4" visitedSequencePoints="0" numBranchPoints="1" visitedBranchPoints="0" sequenceCoverage="0" branchCoverage="0" maxCyclomaticComplexity="1" minCyclomaticComplexity="1" maxCrapScore="2" minCrapScore="2" visitedClasses="0" numClasses="0" visitedMethods="0" numMethods="1" />
              <MetadataToken>100663606</MetadataToken>
              <Name>System.Void Library109590004.SupplyPresentationModel::set_IsConfirmEnabled(System.Boolean)</Name>
              <FileRef uid="48" />
              <SequencePoints>
                <SequencePoint vc="0" uspid="3100" ordinal="0" offset="0" sl="51" sc="13" el="51" ec="14" bec="0" bev="0" fileid="48" />
                <SequencePoint vc="0" uspid="3101" ordinal="1" offset="1" sl="52" sc="17" el="52" ec="43" bec="0" bev="0" fileid="48" />
                <SequencePoint vc="0" uspid="3102" ordinal="2" offset="8" sl="53" sc="17" el="53" ec="59" bec="0" bev="0" fileid="48" />
                <SequencePoint vc="0" uspid="3103" ordinal="3" offset="20" sl="54" sc="13" el="54" ec="14" bec="0" bev="0" fileid="48" />
              </SequencePoints>
              <BranchPoints />
              <MethodPoint xsi:type="SequencePoint" vc="0" uspid="3100" ordinal="0" offset="0" sl="51" sc="13" el="51" ec="14" bec="0" bev="0" fileid="48" />
            </Method>
            <Method visited="false" cyclomaticComplexity="1" nPathComplexity="0" sequenceCoverage="0" branchCoverage="0" crapScore="2" isConstructor="false" isStatic="false" isGetter="true" isSetter="false">
              <Summary numSequencePoints="3" visitedSequencePoints="0" numBranchPoints="1" visitedBranchPoints="0" sequenceCoverage="0" branchCoverage="0" maxCyclomaticComplexity="1" minCyclomaticComplexity="1" maxCrapScore="2" minCrapScore="2" visitedClasses="0" numClasses="0" visitedMethods="0" numMethods="1" />
              <MetadataToken>100663607</MetadataToken>
              <Name>System.String Library109590004.SupplyPresentationModel::get_SupplyBookAmountText()</Name>
              <FileRef uid="48" />
              <SequencePoints>
                <SequencePoint vc="0" uspid="3104" ordinal="0" offset="0" sl="61" sc="13" el="61" ec="14" bec="0" bev="0" fileid="48" />
                <SequencePoint vc="0" uspid="3105" ordinal="1" offset="1" sl="62" sc="17" el="62" ec="42" bec="0" bev="0" fileid="48" />
                <SequencePoint vc="0" uspid="3106" ordinal="2" offset="10" sl="63" sc="13" el="63" ec="14" bec="0" bev="0" fileid="48" />
              </SequencePoints>
              <BranchPoints />
              <MethodPoint xsi:type="SequencePoint" vc="0" uspid="3104" ordinal="0" offset="0" sl="61" sc="13" el="61" ec="14" bec="0" bev="0" fileid="48" />
            </Method>
            <Method visited="false" cyclomaticComplexity="2" nPathComplexity="0" sequenceCoverage="0" branchCoverage="0" crapScore="6" isConstructor="false" isStatic="false" isGetter="false" isSetter="false">
              <Summary numSequencePoints="0" visitedSequencePoints="0" numBranchPoints="0" visitedBranchPoints="0" sequenceCoverage="0" branchCoverage="0" maxCyclomaticComplexity="2" minCyclomaticComplexity="2" maxCrapScore="6" minCrapScore="6" visitedClasses="0" numClasses="0" visitedMethods="0" numMethods="0" />
              <MetadataToken>100663600</MetadataToken>
              <Name>System.Void Library109590004.SupplyPresentationModel::add_PropertyChanged(System.ComponentModel.PropertyChangedEventHandler)</Name>
              <SequencePoints />
              <BranchPoints />
              <MethodPoint vc="0" uspid="3107" ordinal="0" offset="0" />
            </Method>
            <Method visited="false" cyclomaticComplexity="2" nPathComplexity="0" sequenceCoverage="0" branchCoverage="0" crapScore="6" isConstructor="false" isStatic="false" isGetter="false" isSetter="false">
              <Summary numSequencePoints="0" visitedSequencePoints="0" numBranchPoints="0" visitedBranchPoints="0" sequenceCoverage="0" branchCoverage="0" maxCyclomaticComplexity="2" minCyclomaticComplexity="2" maxCrapScore="6" minCrapScore="6" visitedClasses="0" numClasses="0" visitedMethods="0" numMethods="0" />
              <MetadataToken>100663601</MetadataToken>
              <Name>System.Void Library109590004.SupplyPresentationModel::remove_PropertyChanged(System.ComponentModel.PropertyChangedEventHandler)</Name>
              <SequencePoints />
              <BranchPoints />
              <MethodPoint vc="0" uspid="3108" ordinal="0" offset="0" />
            </Method>
            <Method visited="false" cyclomaticComplexity="2" nPathComplexity="2" sequenceCoverage="0" branchCoverage="0" crapScore="6" isConstructor="false" isStatic="false" isGetter="false" isSetter="false">
              <Summary numSequencePoints="6" visitedSequencePoints="0" numBranchPoints="3" visitedBranchPoints="0" sequenceCoverage="0" branchCoverage="0" maxCyclomaticComplexity="2" minCyclomaticComplexity="2" maxCrapScore="6" minCrapScore="6" visitedClasses="0" numClasses="0" visitedMethods="0" numMethods="1" />
              <MetadataToken>100663602</MetadataToken>
              <Name>System.Void Library109590004.SupplyPresentationModel::NotifyPropertyChanged(System.String)</Name>
              <FileRef uid="48" />
              <SequencePoints>
                <SequencePoint vc="0" uspid="3109" ordinal="0" offset="0" sl="22" sc="9" el="22" ec="10" bec="0" bev="0" fileid="48" />
                <SequencePoint vc="0" uspid="3110" ordinal="1" offset="1" sl="23" sc="13" el="23" ec="41" bec="2" bev="0" fileid="48" />
                <SequencePoint vc="0" uspid="3111" ordinal="2" offset="14" sl="24" sc="13" el="24" ec="14" bec="0" bev="0" fileid="48" />
                <SequencePoint vc="0" uspid="3112" ordinal="3" offset="15" sl="25" sc="17" el="25" ec="83" bec="0" bev="0" fileid="48" />
                <SequencePoint vc="0" uspid="3113" ordinal="4" offset="34" sl="26" sc="13" el="26" ec="14" bec="0" bev="0" fileid="48" />
                <SequencePoint vc="0" uspid="3114" ordinal="5" offset="35" sl="27" sc="9" el="27" ec="10" bec="0" bev="0" fileid="48" />
              </SequencePoints>
              <BranchPoints>
                <BranchPoint vc="0" uspid="3115" ordinal="0" offset="12" sl="23" path="0" offsetend="14" fileid="48" />
                <BranchPoint vc="0" uspid="3116" ordinal="1" offset="12" sl="23" path="1" offsetend="35" fileid="48" />
              </BranchPoints>
              <MethodPoint xsi:type="SequencePoint" vc="0" uspid="3109" ordinal="0" offset="0" sl="22" sc="9" el="22" ec="10" bec="0" bev="0" fileid="48" />
            </Method>
            <Method visited="false" cyclomaticComplexity="1" nPathComplexity="0" sequenceCoverage="0" branchCoverage="0" crapScore="2" isConstructor="true" isStatic="false" isGetter="false" isSetter="false">
              <Summary numSequencePoints="6" visitedSequencePoints="0" numBranchPoints="1" visitedBranchPoints="0" sequenceCoverage="0" branchCoverage="0" maxCyclomaticComplexity="1" minCyclomaticComplexity="1" maxCrapScore="2" minCrapScore="2" visitedClasses="0" numClasses="0" visitedMethods="0" numMethods="1" />
              <MetadataToken>100663603</MetadataToken>
              <Name>System.Void Library109590004.SupplyPresentationModel::.ctor(Library109590004.LibraryModel)</Name>
              <FileRef uid="48" />
              <SequencePoints>
                <SequencePoint vc="0" uspid="3117" ordinal="0" offset="0" sl="29" sc="9" el="29" ec="61" bec="0" bev="0" fileid="48" />
                <SequencePoint vc="0" uspid="3118" ordinal="1" offset="7" sl="30" sc="9" el="30" ec="10" bec="0" bev="0" fileid="48" />
                <SequencePoint vc="0" uspid="3119" ordinal="2" offset="8" sl="31" sc="13" el="31" ec="32" bec="0" bev="0" fileid="48" />
                <SequencePoint vc="0" uspid="3120" ordinal="3" offset="15" sl="32" sc="13" el="32" ec="39" bec="0" bev="0" fileid="48" />
                <SequencePoint vc="0" uspid="3121" ordinal="4" offset="22" sl="33" sc="13" el="33" ec="36" bec="0" bev="0" fileid="48" />
                <SequencePoint vc="0" uspid="3122" ordinal="5" offset="33" sl="34" sc="9" el="34" ec="10" bec="0" bev="0" fileid="48" />
              </SequencePoints>
              <BranchPoints />
              <MethodPoint xsi:type="SequencePoint" vc="0" uspid="3117" ordinal="0" offset="0" sl="29" sc="9" el="29" ec="61" bec="0" bev="0" fileid="48" />
            </Method>
            <Method visited="false" cyclomaticComplexity="1" nPathComplexity="0" sequenceCoverage="0" branchCoverage="0" crapScore="2" isConstructor="false" isStatic="false" isGetter="false" isSetter="false">
              <Summary numSequencePoints="4" visitedSequencePoints="0" numBranchPoints="1" visitedBranchPoints="0" sequenceCoverage="0" branchCoverage="0" maxCyclomaticComplexity="1" minCyclomaticComplexity="1" maxCrapScore="2" minCrapScore="2" visitedClasses="0" numClasses="0" visitedMethods="0" numMethods="1" />
              <MetadataToken>100663604</MetadataToken>
              <Name>System.Void Library109590004.SupplyPresentationModel::SupplyBookAmountTextBoxTextChanged(System.String)</Name>
              <FileRef uid="48" />
              <SequencePoints>
                <SequencePoint vc="0" uspid="3123" ordinal="0" offset="0" sl="38" sc="9" el="38" ec="10" bec="0" bev="0" fileid="48" />
                <SequencePoint vc="0" uspid="3124" ordinal="1" offset="1" sl="39" sc="13" el="39" ec="43" bec="0" bev="0" fileid="48" />
                <SequencePoint vc="0" uspid="3125" ordinal="2" offset="19" sl="40" sc="13" el="40" ec="38" bec="0" bev="0" fileid="48" />
                <SequencePoint vc="0" uspid="3126" ordinal="3" offset="26" sl="41" sc="9" el="41" ec="10" bec="0" bev="0" fileid="48" />
              </SequencePoints>
              <BranchPoints />
              <MethodPoint xsi:type="SequencePoint" vc="0" uspid="3123" ordinal="0" offset="0" sl="38" sc="9" el="38" ec="10" bec="0" bev="0" fileid="48" />
            </Method>
            <Method visited="false" cyclomaticComplexity="1" nPathComplexity="0" sequenceCoverage="0" branchCoverage="0" crapScore="2" isConstructor="false" isStatic="false" isGetter="false" isSetter="false">
              <Summary numSequencePoints="4" visitedSequencePoints="0" numBranchPoints="1" visitedBranchPoints="0" sequenceCoverage="0" branchCoverage="0" maxCyclomaticComplexity="1" minCyclomaticComplexity="1" maxCrapScore="2" minCrapScore="2" visitedClasses="0" numClasses="0" visitedMethods="0" numMethods="1" />
              <MetadataToken>100663608</MetadataToken>
              <Name>System.String Library109590004.SupplyPresentationModel::GetSupplyBookText(System.Int32)</Name>
              <FileRef uid="48" />
              <SequencePoints>
                <SequencePoint vc="0" uspid="3127" ordinal="0" offset="0" sl="68" sc="9" el="68" ec="10" bec="0" bev="0" fileid="48" />
                <SequencePoint vc="0" uspid="3128" ordinal="1" offset="1" sl="69" sc="13" el="69" ec="56" bec="0" bev="0" fileid="48" />
                <SequencePoint vc="0" uspid="3129" ordinal="2" offset="14" sl="70" sc="13" el="70" ec="152" bec="0" bev="0" fileid="48" />
                <SequencePoint vc="0" uspid="3130" ordinal="3" offset="62" sl="71" sc="9" el="71" ec="10" bec="0" bev="0" fileid="48" />
              </SequencePoints>
              <BranchPoints />
              <MethodPoint xsi:type="SequencePoint" vc="0" uspid="3127" ordinal="0" offset="0" sl="68" sc="9" el="68" ec="10" bec="0" bev="0" fileid="48" />
            </Method>
          </Methods>
        </Class>
      </Classes>
    </Module>
  </Modules>
</CoverageSession>